<?xml version="1.0" encoding="UTF-8"?>
<testsuite name="Test Cogmento CRM UI Automation Test Cases #1" time="70.766" tests="4" errors="0" skipped="0" failures="0">
  <properties>
[...]
</properties>
  <testcase name="Validate login functionality" classname="Test Cogmento CRM UI Automation Test Cases #1" time="19.552"/>
  <testcase name="validate Home Page functionality" classname="Test Cogmento CRM UI Automation Test Cases #1" time="10.571"/>
  <testcase name="validate Create Contact and Delete Contact functionality" classname="Test Cogmento CRM UI Automation Test Cases #1" time="33.995"/>
  <testcase name="validate logout functionality" classname="Test Cogmento CRM UI Automation Test Cases #1" time="6.648"/>
</testsuite>