




<!DOCTYPE html>
<html>
<head>
	<meta charset='UTF-8' /> 
	<meta name='description' content='' />
	<meta name='robots' content='noodp, noydir' />
	<meta name='viewport' content='width=device-width, initial-scale=1' />
	<meta id="timeStampFormat" name="timeStampFormat" content='MMM d, yyyy hh:mm:ss a'/>
	
        <link href='http://fonts.googleapis.com/css?family=Source+Sans+Pro:400,600' rel='stylesheet' type='text/css' />
        <link href="http://fonts.googleapis.com/icon?family=Material+Icons" rel="stylesheet" />
        <link href='http://cdn.jsdelivr.net/gh/extent-framework/extent-github-cdn@ff53917fbbdb5ef820abbbe4d199a6942dc771ff/v3html/css/extent.css' type='text/css' rel='stylesheet' />
	
	<title></title>

	<style type='text/css'>
		/* json-tree */
		.jstBracket,.jstComma,.jstValue{white-space:pre-wrap}.jstValue{font-size:10px;font-weight:400;font-family:"Lucida Console",Monaco,monospace}.jstProperty{color:#666;word-wrap:break-word}.jstBool{color:#2525CC}.jstNum{color:#D036D0}.jstNull{color:gray}.jstStr{color:#2DB669}.jstFold:after{content:' -';cursor:pointer}.jstExpand{white-space:normal}.jstExpand:after{content:' +';cursor:pointer}.jstFolded{white-space:normal!important}.jstHiddenBlock{display:none}
			
	</style>
	
	<script type="text/javascript">
		/*! json-tree - v0.2.2 - 2017-09-25, MIT LICENSE */
		var JSONTree=function(){var n={"&":"&amp;","<":"&lt;",">":"&gt;",'"':"&quot;","'":"&#x27;","/":"&#x2F;"},t=0,r=0;this.create=function(n,t){return r+=1,N(u(n,0,!1),{class:"jstValue"})};var e=function(t){return t.replace(/[&<>'"]/g,function(t){return n[t]})},s=function(){return r+"_"+t++},u=function(n,t,r){if(null===n)return f(r?t:0);switch(typeof n){case"boolean":return l(n,r?t:0);case"number":return i(n,r?t:0);case"string":return o(n,r?t:0);default:return n instanceof Array?a(n,t,r):c(n,t,r)}},c=function(n,t,r){var e=s(),u=Object.keys(n).map(function(r){return j(r,n[r],t+1,!0)}).join(m()),c=[g("{",r?t:0,e),N(u,{id:e}),p("}",t)].join("\n");return N(c,{})},a=function(n,t,r){var e=s(),c=n.map(function(n){return u(n,t+1,!0)}).join(m());return[g("[",r?t:0,e),N(c,{id:e}),p("]",t)].join("\n")},o=function(n,t){var r=e(JSON.stringify(n));return N(v(r,t),{class:"jstStr"})},i=function(n,t){return N(v(n,t),{class:"jstNum"})},l=function(n,t){return N(v(n,t),{class:"jstBool"})},f=function(n){return N(v("null",n),{class:"jstNull"})},j=function(n,t,r){var s=v(e(JSON.stringify(n))+": ",r),c=N(u(t,r,!1),{});return N(s+c,{class:"jstProperty"})},m=function(){return N(",\n",{class:"jstComma"})},N=function(n,t){return d("span",t,n)},d=function(n,t,r){return"<"+n+Object.keys(t).map(function(n){return" "+n+'="'+t[n]+'"'}).join("")+">"+r+"</"+n+">"},g=function(n,t,r){return N(v(n,t),{class:"jstBracket"})+N("",{class:"jstFold",onclick:"JSONTree.toggle('"+r+"')"})};this.toggle=function(n){var t=document.getElementById(n),r=t.parentNode,e=t.previousElementSibling;""===t.className?(t.className="jstHiddenBlock",r.className="jstFolded",e.className="jstExpand"):(t.className="",r.className="",e.className="jstFold")};var p=function(n,t){return N(v(n,t),{})},v=function(n,t){return Array(2*t+1).join(" ")+n};return this}();
	</script>
</head>
	<body class='extent standard default hide-overflow bdd-report'>
		<div id='theme-selector' alt='Click to toggle theme. To enable by default, use theme configuration.' title='Click to toggle theme. To enable by default, use theme configuration.'>
			<span><i class='material-icons'>desktop_windows</i></span>
		</div>
<nav>
	<div class="nav-wrapper">
        <a href="#!" class="brand-logo black"><img src="http://cdn.jsdelivr.net/gh/extent-framework/extent-github-cdn@ff53917fbbdb5ef820abbbe4d199a6942dc771ff/commons/img/logo.png"></a>
		<!-- slideout menu -->
		<ul id='slide-out' class='side-nav fixed hide-on-med-and-down'>
			<li class='waves-effect active'><a href='#!' view='test-view' onclick="configureView(0);chartsView('test');"><i class='material-icons'>dashboard</i></a></li>
			<li class='waves-effect'><a href='#!' view='exception-view' onclick="configureView(2)"><i class='material-icons'>bug_report</i></a></li>
			<li class='waves-effect'><a href='#!' onclick="configureView(-1);chartsView('dashboard');" view='dashboard-view'><i class='material-icons'>track_changes</i></a></li>
		</ul>
		<!-- report name -->
		<span class='report-name'></span>
		<!-- report headline -->
		<span class='report-headline'></span>
		<!-- nav-right -->
		<ul id='nav-mobile' class='right hide-on-med-and-down nav-right'>
			<a href='#!'>
			<span class='label blue darken-3 suite-start-time'>Jun 6, 2025 07:46:47 pm</span>
			</a>
		</ul>
	</div>
</nav>		<!-- container -->
		<div class='container'>
<div id='test-view' class='view'>
	<section id='controls'>
		<div class='controls grey lighten-4'>
			<!-- test toggle -->
			<div class='chip transparent'>
				<a class='dropdown-button tests-toggle' data-activates='tests-toggle' data-constrainwidth='true' data-beloworigin='true' data-hover='true' href='#'>
				<i class='material-icons'>warning</i> Status
				</a>
				<ul id='tests-toggle' class='dropdown-content'>
										<li status='pass'><a href='#!'>Pass <i class='material-icons green-text'>check_circle</i></a></li>
					<li status='fail'><a href='#!'>Fail <i class='material-icons red-text'>cancel</i></a></li>
					<li class='divider'></li>
					<li status='clear' clear='true'><a href='#!'>Clear Filters <i class='material-icons'>clear</i></a></li>
				</ul>
			</div>
			<!-- test toggle -->
			<!-- category toggle -->
			<!-- category toggle -->
			<!-- clear filters -->
			<div class='chip transparent hide'>
				<a class='' id='clear-filters' alt='Clear Filters' title='Clear Filters'>
				<i class='material-icons'>close</i> Clear
				</a>
			</div>
			<!-- clear filters -->
			<!-- enable dashboard -->
			<div id='toggle-test-view-charts' class='chip transparent'>
				<a class='pink-text' id='enable-dashboard' alt='Enable Dashboard' title='Enable Dashboard'>
				<i class='material-icons'>track_changes</i> Dashboard
				</a>
			</div>
			<!-- enable dashboard -->
			<!-- search -->
			<div class='chip transparent' alt='Search Tests' title='Search Tests'>
				<a href="#" class='search-div'>
				<i class='material-icons'>search</i> Search
				</a>
				<div class='input-field left hide'>
					<input id='search-tests' type='text' class='validate browser-default' placeholder='Search Tests...'>
				</div>
			</div>
			<!-- search -->
		</div>
	</section>

<div id='test-view-charts' class='subview-full'>
    <div id='charts-row' class='row nm-v nm-h'>
        <div class='col s12 m4 l4 np-h'>
            <div class='card-panel nm-v'>
                <div class='left panel-name'>Features</div>
                <div class='chart-box' style="max-height:94px;">
                    <canvas id='parent-analysis' width='90' height='70'></canvas>
                </div>
                <div class='block text-small'>
                    <span class='tooltipped' data-position='top' data-tooltip='$50%'>
                    <span class='strong'>1</span> features passed</span>
                </div>
                <div class='block text-small'>
                    <span class='strong tooltipped' data-position='top' data-tooltip='50%'>
                    1</span> features failed, 
                    <span class='strong tooltipped' data-position='top' data-tooltip='0%'>
                    0</span> skipped
                </div>
            </div>
        </div>
        <div class='col s12 m4 l4 np-h'>
            <div class='card-panel nm-v'>
                <div class='left panel-name'>Scenarios</div>
                <div class='chart-box' style="max-height:94px;">
                    <canvas id='child-analysis' width='90' height='70'></canvas>
                </div>
                <div class='block text-small'>
                    <span class='tooltipped' data-position='top' data-tooltip='75%'>
                    <span class='strong'>6</span> scenarios passed</span>
                </div>
                <div class='block text-small'>
                    <span class='strong tooltipped' data-position='top' data-tooltip='25%'>
                    2</span> scenarios failed, 
                    <span class='strong tooltipped' data-position='top' data-tooltip='0%'>
                    0</span> skipped, 
                    <span class='strong tooltipped' data-position='top' data-tooltip='0%'>
                    0</span> others
                </div>
            </div>
        </div>
        <div class='col s12 m4 l4 np-h'>
            <div class='card-panel nm-v'>
                <div class='left panel-name'>Steps</div>
                <div class='chart-box' style="max-height:94px;">
                    <canvas id='grandchild-analysis' width='90' height='70'></canvas>
                </div>
                <div class='block text-small'>
                    <span class='tooltipped' data-position='top' data-tooltip='94%'>
                    <span class='strong'>54</span> steps passed</span>
                </div>
                <div class='block text-small'>
                    <span class='strong tooltipped' data-position='top' data-tooltip='3%'>
                    2</span> steps failed, 
                    <span class='strong tooltipped' data-position='top' data-tooltip='1%'>
                    1</span> skipped, 
                    <span class='strong tooltipped' data-position='top' data-tooltip='0%'>
                    0</span> others
                </div>
            </div>
        </div>
    </div>
    <div id="timeline-chart" class="row nm-v nm-h">
        <div class="col s12 m12 l12 np-h">
            <div class="card-panel">
                <div class='left panel-name'>Timeline (seconds)</div>
                <div class="chart-box" style="width:98%;max-height:145px;">
                    <canvas id="timeline" height="120"></canvas>
                </div>
            </div>
        </div>
    </div>
</div>	
	<div class='subview-left left'>
		<div class='view-summary'>
			<ul id='test-collection' class='test-collection'>
				<li class='test displayed active has-leaf pass' status='pass' bdd='true' test-id='2'>
					<div class='test-heading'>
						<span class='test-name'>Test Cogmento CRM UI Automation Test Cases</span>
						<span class='test-time'>Jun 6, 2025 07:46:47 pm</span>
						<span class='test-status right pass'>Pass</span>
					</div>
					<div class='test-content hide'>
<div class="sr-filters bdd-filters">
	<a class="btn-floating waves-effect waves-light pass green" title="pass"><i class='material-icons'>check_circle</i></a>
	<a class="btn-floating waves-effect waves-light fail red" title="fail"><i class='material-icons'>cancel</i></a>
	<a class="btn-floating waves-effect waves-light skip blue" title="skip"><i class='material-icons'>redo</i></a>
	<a class="btn-floating waves-effect waves-light clear grey" title="clear"><i class='material-icons'>clear</i></a>
</div>

<div class='scenario node' test-id='3' status='pass'>

	<span class='duration right label'>00 00 07.728</span>
	<div class="bdd-test">
		<div class="scenario-name"><span class='status pass' title='Pass'><i class='material-icons'>check_circle</i></span> Scenario: Validate login functionality</div>
	</div>
	
	
	
	<ul class='steps'>
		<li test-id='6' class='node given Pass' status='Pass'>
			<div class="step-name" title="(stepDefinitions.LoginPageSteps.user_open_application_in_browser(java.lang.String))"><span class='status pass' title='Pass'><i class='material-icons'>check_circle</i></span>Given user open application in "chrome" browser</div>


		</li>
		<li test-id='8' class='node * Pass' status='Pass'>
			<div class="step-name" title="(AFTER_STEP)"><span class='status pass' title='Pass'><i class='material-icons'>check_circle</i></span>stepDefinitions.LoginPageSteps.screenshot(io.cucumber.java.Scenario)</div>


					<div class="node-step">Validate login functionality</div>
					<div class='screenshots'>
						<img width='80' height='40' onerror='this.style.display="none"' data-featherlight='../Screenshot/embedded1.png' src='../Screenshot/embedded1.png'>
					</div>
		</li>
		<li test-id='9' class='node when Pass' status='Pass'>
			<div class="step-name" title="(stepDefinitions.LoginPageSteps.user_enter_valid_username_and_password())"><span class='status pass' title='Pass'><i class='material-icons'>check_circle</i></span>When user enter valid username and password</div>


		</li>
		<li test-id='10' class='node * Pass' status='Pass'>
			<div class="step-name" title="(AFTER_STEP)"><span class='status pass' title='Pass'><i class='material-icons'>check_circle</i></span>stepDefinitions.LoginPageSteps.screenshot(io.cucumber.java.Scenario)</div>


					<div class="node-step">Validate login functionality</div>
					<div class='screenshots'>
						<img width='80' height='40' onerror='this.style.display="none"' data-featherlight='../Screenshot/embedded2.png' src='../Screenshot/embedded2.png'>
					</div>
		</li>
		<li test-id='11' class='node then Pass' status='Pass'>
			<div class="step-name" title="(stepDefinitions.LoginPageSteps.user_click_on_login_button())"><span class='status pass' title='Pass'><i class='material-icons'>check_circle</i></span>Then user click on login button</div>


		</li>
		<li test-id='13' class='node * Pass' status='Pass'>
			<div class="step-name" title="(AFTER_STEP)"><span class='status pass' title='Pass'><i class='material-icons'>check_circle</i></span>stepDefinitions.LoginPageSteps.screenshot(io.cucumber.java.Scenario)</div>


					<div class="node-step">Validate login functionality</div>
					<div class='screenshots'>
						<img width='80' height='40' onerror='this.style.display="none"' data-featherlight='../Screenshot/embedded4.png' src='../Screenshot/embedded4.png'>
					</div>
		</li>
	</ul>
</div>
					</div>
				</li>
				<li class='test displayed active has-leaf fail' status='fail' bdd='true' test-id='1'>
					<div class='test-heading'>
						<span class='test-name'>Test Cogmento CRM UI Automation Test Cases</span>
						<span class='test-time'>Jun 6, 2025 07:46:47 pm</span>
						<span class='test-status right fail'>Fail</span>
					</div>
					<div class='test-content hide'>
<div class="sr-filters bdd-filters">
	<a class="btn-floating waves-effect waves-light pass green" title="pass"><i class='material-icons'>check_circle</i></a>
	<a class="btn-floating waves-effect waves-light fail red" title="fail"><i class='material-icons'>cancel</i></a>
	<a class="btn-floating waves-effect waves-light skip blue" title="skip"><i class='material-icons'>redo</i></a>
	<a class="btn-floating waves-effect waves-light clear grey" title="clear"><i class='material-icons'>clear</i></a>
</div>

<div class='scenario node' test-id='4' status='pass'>

	<span class='duration right label'>00 00 08.225</span>
	<div class="bdd-test">
		<div class="scenario-name"><span class='status pass' title='Pass'><i class='material-icons'>check_circle</i></span> Scenario: Validate login functionality</div>
	</div>
	
	
	
	<ul class='steps'>
		<li test-id='5' class='node given Pass' status='Pass'>
			<div class="step-name" title="(stepDefinitions.LoginPageSteps.user_open_application_in_browser(java.lang.String))"><span class='status pass' title='Pass'><i class='material-icons'>check_circle</i></span>Given user open application in "chrome" browser</div>


		</li>
		<li test-id='7' class='node * Pass' status='Pass'>
			<div class="step-name" title="(AFTER_STEP)"><span class='status pass' title='Pass'><i class='material-icons'>check_circle</i></span>stepDefinitions.LoginPageSteps.screenshot(io.cucumber.java.Scenario)</div>


					<div class="node-step">Validate login functionality</div>
					<div class='screenshots'>
						<img width='80' height='40' onerror='this.style.display="none"' data-featherlight='../Screenshot/embedded3.png' src='../Screenshot/embedded3.png'>
					</div>
		</li>
		<li test-id='12' class='node when Pass' status='Pass'>
			<div class="step-name" title="(stepDefinitions.LoginPageSteps.user_enter_valid_username_and_password())"><span class='status pass' title='Pass'><i class='material-icons'>check_circle</i></span>When user enter valid username and password</div>


		</li>
		<li test-id='14' class='node * Pass' status='Pass'>
			<div class="step-name" title="(AFTER_STEP)"><span class='status pass' title='Pass'><i class='material-icons'>check_circle</i></span>stepDefinitions.LoginPageSteps.screenshot(io.cucumber.java.Scenario)</div>


					<div class="node-step">Validate login functionality</div>
					<div class='screenshots'>
						<img width='80' height='40' onerror='this.style.display="none"' data-featherlight='../Screenshot/embedded5.png' src='../Screenshot/embedded5.png'>
					</div>
		</li>
		<li test-id='17' class='node then Pass' status='Pass'>
			<div class="step-name" title="(stepDefinitions.LoginPageSteps.user_click_on_login_button())"><span class='status pass' title='Pass'><i class='material-icons'>check_circle</i></span>Then user click on login button</div>


		</li>
		<li test-id='18' class='node * Pass' status='Pass'>
			<div class="step-name" title="(AFTER_STEP)"><span class='status pass' title='Pass'><i class='material-icons'>check_circle</i></span>stepDefinitions.LoginPageSteps.screenshot(io.cucumber.java.Scenario)</div>


					<div class="node-step">Validate login functionality</div>
					<div class='screenshots'>
						<img width='80' height='40' onerror='this.style.display="none"' data-featherlight='../Screenshot/embedded6.png' src='../Screenshot/embedded6.png'>
					</div>
		</li>
	</ul>
</div>
<div class='scenario node' test-id='15' status='pass'>

	<span class='duration right label'>00 00 06.006</span>
	<div class="bdd-test">
		<div class="scenario-name"><span class='status pass' title='Pass'><i class='material-icons'>check_circle</i></span> Scenario: validate Home Page functionality</div>
	</div>
	
	
	
	<ul class='steps'>
		<li test-id='16' class='node then Pass' status='Pass'>
			<div class="step-name" title="(stepDefinitions.HomePageStep.validate_home_page_logo())"><span class='status pass' title='Pass'><i class='material-icons'>check_circle</i></span>Then validate home page logo</div>


		</li>
		<li test-id='21' class='node * Pass' status='Pass'>
			<div class="step-name" title="(AFTER_STEP)"><span class='status pass' title='Pass'><i class='material-icons'>check_circle</i></span>stepDefinitions.LoginPageSteps.screenshot(io.cucumber.java.Scenario)</div>


					<div class="node-step">validate Home Page functionality</div>
					<div class='screenshots'>
						<img width='80' height='40' onerror='this.style.display="none"' data-featherlight='../Screenshot/embedded7.png' src='../Screenshot/embedded7.png'>
					</div>
		</li>
		<li test-id='22' class='node and Pass' status='Pass'>
			<div class="step-name" title="(stepDefinitions.HomePageStep.validate_home_page_header())"><span class='status pass' title='Pass'><i class='material-icons'>check_circle</i></span>And validate home page header</div>


		</li>
		<li test-id='23' class='node * Pass' status='Pass'>
			<div class="step-name" title="(AFTER_STEP)"><span class='status pass' title='Pass'><i class='material-icons'>check_circle</i></span>stepDefinitions.LoginPageSteps.screenshot(io.cucumber.java.Scenario)</div>


					<div class="node-step">validate Home Page functionality</div>
					<div class='screenshots'>
						<img width='80' height='40' onerror='this.style.display="none"' data-featherlight='../Screenshot/embedded8.png' src='../Screenshot/embedded8.png'>
					</div>
		</li>
	</ul>
</div>
<div class='scenario node' test-id='19' status='pass'>

	<span class='duration right label'>00 00 06.691</span>
	<div class="bdd-test">
		<div class="scenario-name"><span class='status pass' title='Pass'><i class='material-icons'>check_circle</i></span> Scenario: validate Home Page functionality</div>
	</div>
	
	
	
	<ul class='steps'>
		<li test-id='20' class='node then Pass' status='Pass'>
			<div class="step-name" title="(stepDefinitions.HomePageStep.validate_home_page_logo())"><span class='status pass' title='Pass'><i class='material-icons'>check_circle</i></span>Then validate home page logo</div>


		</li>
		<li test-id='24' class='node * Pass' status='Pass'>
			<div class="step-name" title="(AFTER_STEP)"><span class='status pass' title='Pass'><i class='material-icons'>check_circle</i></span>stepDefinitions.LoginPageSteps.screenshot(io.cucumber.java.Scenario)</div>


					<div class="node-step">validate Home Page functionality</div>
					<div class='screenshots'>
						<img width='80' height='40' onerror='this.style.display="none"' data-featherlight='../Screenshot/embedded9.png' src='../Screenshot/embedded9.png'>
					</div>
		</li>
		<li test-id='27' class='node and Pass' status='Pass'>
			<div class="step-name" title="(stepDefinitions.HomePageStep.validate_home_page_header())"><span class='status pass' title='Pass'><i class='material-icons'>check_circle</i></span>And validate home page header</div>


		</li>
		<li test-id='28' class='node * Pass' status='Pass'>
			<div class="step-name" title="(AFTER_STEP)"><span class='status pass' title='Pass'><i class='material-icons'>check_circle</i></span>stepDefinitions.LoginPageSteps.screenshot(io.cucumber.java.Scenario)</div>


					<div class="node-step">validate Home Page functionality</div>
					<div class='screenshots'>
						<img width='80' height='40' onerror='this.style.display="none"' data-featherlight='../Screenshot/embedded10.png' src='../Screenshot/embedded10.png'>
					</div>
		</li>
	</ul>
</div>
<div class='scenario node' test-id='25' status='fail'>

	<span class='duration right label'>00 00 20.579</span>
	<div class="bdd-test">
		<div class="scenario-name"><span class='status fail' title='Fail'><i class='material-icons'>cancel</i></span> Scenario: validate Create Contact and Delete Contact functionality</div>
	</div>
	
	
	
	<ul class='steps'>
		<li test-id='26' class='node when Pass' status='Pass'>
			<div class="step-name" title="(stepDefinitions.ContactPageSteps.user_click_on_contact_link())"><span class='status pass' title='Pass'><i class='material-icons'>check_circle</i></span>When user click on contact link</div>


		</li>
		<li test-id='31' class='node * Pass' status='Pass'>
			<div class="step-name" title="(AFTER_STEP)"><span class='status pass' title='Pass'><i class='material-icons'>check_circle</i></span>stepDefinitions.LoginPageSteps.screenshot(io.cucumber.java.Scenario)</div>


					<div class="node-step">validate Create Contact and Delete Contact functionality</div>
					<div class='screenshots'>
						<img width='80' height='40' onerror='this.style.display="none"' data-featherlight='../Screenshot/embedded11.png' src='../Screenshot/embedded11.png'>
					</div>
		</li>
		<li test-id='33' class='node then Pass' status='Pass'>
			<div class="step-name" title="(stepDefinitions.ContactPageSteps.verify_user_on_contact_page())"><span class='status pass' title='Pass'><i class='material-icons'>check_circle</i></span>Then verify user on contact page</div>


		</li>
		<li test-id='35' class='node * Pass' status='Pass'>
			<div class="step-name" title="(AFTER_STEP)"><span class='status pass' title='Pass'><i class='material-icons'>check_circle</i></span>stepDefinitions.LoginPageSteps.screenshot(io.cucumber.java.Scenario)</div>


					<div class="node-step">validate Create Contact and Delete Contact functionality</div>
					<div class='screenshots'>
						<img width='80' height='40' onerror='this.style.display="none"' data-featherlight='../Screenshot/embedded13.png' src='../Screenshot/embedded13.png'>
					</div>
		</li>
		<li test-id='37' class='node then Pass' status='Pass'>
			<div class="step-name" title="(stepDefinitions.ContactPageSteps.user_click_on_create_button())"><span class='status pass' title='Pass'><i class='material-icons'>check_circle</i></span>Then user click on create button</div>


		</li>
		<li test-id='39' class='node * Pass' status='Pass'>
			<div class="step-name" title="(AFTER_STEP)"><span class='status pass' title='Pass'><i class='material-icons'>check_circle</i></span>stepDefinitions.LoginPageSteps.screenshot(io.cucumber.java.Scenario)</div>


					<div class="node-step">validate Create Contact and Delete Contact functionality</div>
					<div class='screenshots'>
						<img width='80' height='40' onerror='this.style.display="none"' data-featherlight='../Screenshot/embedded15.png' src='../Screenshot/embedded15.png'>
					</div>
		</li>
		<li test-id='40' class='node and Pass' status='Pass'>
			<div class="step-name" title="(stepDefinitions.ContactPageSteps.user_enter_first_name_and_last_name_and_email())"><span class='status pass' title='Pass'><i class='material-icons'>check_circle</i></span>And user enter first name and last name and email</div>


		</li>
		<li test-id='41' class='node * Pass' status='Pass'>
			<div class="step-name" title="(AFTER_STEP)"><span class='status pass' title='Pass'><i class='material-icons'>check_circle</i></span>stepDefinitions.LoginPageSteps.screenshot(io.cucumber.java.Scenario)</div>


					<div class="node-step">validate Create Contact and Delete Contact functionality</div>
					<div class='screenshots'>
						<img width='80' height='40' onerror='this.style.display="none"' data-featherlight='../Screenshot/embedded16.png' src='../Screenshot/embedded16.png'>
					</div>
		</li>
		<li test-id='42' class='node and Pass' status='Pass'>
			<div class="step-name" title="(stepDefinitions.ContactPageSteps.user_enter_description_and_select_status())"><span class='status pass' title='Pass'><i class='material-icons'>check_circle</i></span>And user enter description and select status</div>


		</li>
		<li test-id='43' class='node * Pass' status='Pass'>
			<div class="step-name" title="(AFTER_STEP)"><span class='status pass' title='Pass'><i class='material-icons'>check_circle</i></span>stepDefinitions.LoginPageSteps.screenshot(io.cucumber.java.Scenario)</div>


					<div class="node-step">validate Create Contact and Delete Contact functionality</div>
					<div class='screenshots'>
						<img width='80' height='40' onerror='this.style.display="none"' data-featherlight='../Screenshot/embedded17.png' src='../Screenshot/embedded17.png'>
					</div>
		</li>
		<li test-id='44' class='node and Pass' status='Pass'>
			<div class="step-name" title="(stepDefinitions.ContactPageSteps.user_enter_address_and_city_and_country_and_pincode())"><span class='status pass' title='Pass'><i class='material-icons'>check_circle</i></span>And user enter address and city and country and pincode</div>


		</li>
		<li test-id='45' class='node * Pass' status='Pass'>
			<div class="step-name" title="(AFTER_STEP)"><span class='status pass' title='Pass'><i class='material-icons'>check_circle</i></span>stepDefinitions.LoginPageSteps.screenshot(io.cucumber.java.Scenario)</div>


					<div class="node-step">validate Create Contact and Delete Contact functionality</div>
					<div class='screenshots'>
						<img width='80' height='40' onerror='this.style.display="none"' data-featherlight='../Screenshot/embedded18.png' src='../Screenshot/embedded18.png'>
					</div>
		</li>
		<li test-id='46' class='node and Pass' status='Pass'>
			<div class="step-name" title="(stepDefinitions.ContactPageSteps.user_click_on_save_button())"><span class='status pass' title='Pass'><i class='material-icons'>check_circle</i></span>And user click on save button</div>


		</li>
		<li test-id='47' class='node * Pass' status='Pass'>
			<div class="step-name" title="(AFTER_STEP)"><span class='status pass' title='Pass'><i class='material-icons'>check_circle</i></span>stepDefinitions.LoginPageSteps.screenshot(io.cucumber.java.Scenario)</div>


					<div class="node-step">validate Create Contact and Delete Contact functionality</div>
					<div class='screenshots'>
						<img width='80' height='40' onerror='this.style.display="none"' data-featherlight='../Screenshot/embedded19.png' src='../Screenshot/embedded19.png'>
					</div>
		</li>
		<li test-id='48' class='node and Fail' status='Fail'>
			<div class="step-name" title="(stepDefinitions.ContactPageSteps.user_click_on_delete_button_and_confirm_delete_button())"><span class='status fail' title='Fail'><i class='material-icons'>cancel</i></span>And user click on delete button and confirm delete button</div>


					<textarea disabled class="code-block">org.openqa.selenium.InvalidSelectorException: invalid selector: An invalid or illegal selector was specified
  (Session info: chrome=137.0.7151.69)
For documentation on this error, please visit: https://www.selenium.dev/documentation/webdriver/troubleshooting/errors#invalid-selector-exception
Build info: version: '4.27.0', revision: 'd6e718d134'
System info: os.name: 'Windows 11', os.arch: 'amd64', os.version: '10.0', java.version: '21.0.6'
Driver info: org.openqa.selenium.chrome.ChromeDriver
Command: [165601df0678919aafedb2eee93f51af, findElement {value=//button[text()='Delete'], using=name}]
Capabilities {acceptInsecureCerts: false, browserName: chrome, browserVersion: 137.0.7151.69, chrome: {chromedriverVersion: 137.0.7151.68 (2989ffee9373..., userDataDir: C:\Users\praf0\AppData\Loca...}, fedcm:accounts: true, goog:chromeOptions: {debuggerAddress: localhost:54514}, networkConnectionEnabled: false, pageLoadStrategy: normal, platformName: windows, proxy: Proxy(), se:cdp: ws://localhost:54514/devtoo..., se:cdpVersion: 137.0.7151.69, setWindowRect: true, strictFileInteractability: false, timeouts: {implicit: 0, pageLoad: 300000, script: 30000}, unhandledPromptBehavior: dismiss and notify, webauthn:extension:credBlob: true, webauthn:extension:largeBlob: true, webauthn:extension:minPinLength: true, webauthn:extension:prf: true, webauthn:virtualAuthenticators: true}
Session ID: 165601df0678919aafedb2eee93f51af
	at java.base/jdk.internal.reflect.DirectConstructorHandleAccessor.newInstance(DirectConstructorHandleAccessor.java:62)
	at java.base/java.lang.reflect.Constructor.newInstanceWithCaller(Constructor.java:502)
	at java.base/java.lang.reflect.Constructor.newInstance(Constructor.java:486)
	at org.openqa.selenium.remote.ErrorCodec.decode(ErrorCodec.java:167)
	at org.openqa.selenium.remote.codec.w3c.W3CHttpResponseCodec.decode(W3CHttpResponseCodec.java:138)
	at org.openqa.selenium.remote.codec.w3c.W3CHttpResponseCodec.decode(W3CHttpResponseCodec.java:50)
	at org.openqa.selenium.remote.HttpCommandExecutor.execute(HttpCommandExecutor.java:190)
	at org.openqa.selenium.remote.service.DriverCommandExecutor.invokeExecute(DriverCommandExecutor.java:216)
	at org.openqa.selenium.remote.service.DriverCommandExecutor.execute(DriverCommandExecutor.java:174)
	at org.openqa.selenium.remote.RemoteWebDriver.execute(RemoteWebDriver.java:545)
	at org.openqa.selenium.remote.ElementLocation$ElementFinder$2.findElement(ElementLocation.java:165)
	at org.openqa.selenium.remote.ElementLocation.findElement(ElementLocation.java:59)
	at org.openqa.selenium.remote.RemoteWebDriver.findElement(RemoteWebDriver.java:368)
	at org.openqa.selenium.remote.RemoteWebDriver.findElement(RemoteWebDriver.java:362)
	at org.openqa.selenium.support.pagefactory.DefaultElementLocator.findElement(DefaultElementLocator.java:68)
	at org.openqa.selenium.support.pagefactory.internal.LocatingElementHandler.invoke(LocatingElementHandler.java:38)
	at jdk.proxy2/jdk.proxy2.$Proxy24.click(Unknown Source)
	at PageLayer.ContactPage.user_click_on_delete_button_and_confirm_delete_button(ContactPage.java:131)
	at stepDefinitions.ContactPageSteps.user_click_on_delete_button_and_confirm_delete_button(ContactPageSteps.java:68)
	at ✽.user click on delete button and confirm delete button(file:///C:/Users/praf0/OneDrive/Desktop/Full%20Stack%20Testing%20SDET%20Batch%201st%20March%202025/Final%20Hybrid%20Framework/Cogmento/src/test/java/featureFiles/TC_001_ContactPageCogmentoCRM.feature:20)
</textarea>
		</li>
		<li test-id='57' class='node * Pass' status='Pass'>
			<div class="step-name" title="(AFTER_STEP)"><span class='status pass' title='Pass'><i class='material-icons'>check_circle</i></span>stepDefinitions.LoginPageSteps.screenshot(io.cucumber.java.Scenario)</div>


					<div class="node-step">validate Create Contact and Delete Contact functionality</div>
					<div class='screenshots'>
						<img width='80' height='40' onerror='this.style.display="none"' data-featherlight='../Screenshot/embedded24.png' src='../Screenshot/embedded24.png'>
					</div>
		</li>
	</ul>
</div>
<div class='scenario node' test-id='29' status='pass'>

	<span class='duration right label'>00 00 22.767</span>
	<div class="bdd-test">
		<div class="scenario-name"><span class='status pass' title='Pass'><i class='material-icons'>check_circle</i></span> Scenario: validate Create deals and Delete deals functionality</div>
	</div>
	
	
	
	<ul class='steps'>
		<li test-id='30' class='node when Pass' status='Pass'>
			<div class="step-name" title="(stepDefinitions.DealsPageSteps.user_click_on_deals_link())"><span class='status pass' title='Pass'><i class='material-icons'>check_circle</i></span>When user click on deals link</div>


		</li>
		<li test-id='32' class='node * Pass' status='Pass'>
			<div class="step-name" title="(AFTER_STEP)"><span class='status pass' title='Pass'><i class='material-icons'>check_circle</i></span>stepDefinitions.LoginPageSteps.screenshot(io.cucumber.java.Scenario)</div>


					<div class="node-step">validate Create deals and Delete deals functionality</div>
					<div class='screenshots'>
						<img width='80' height='40' onerror='this.style.display="none"' data-featherlight='../Screenshot/embedded12.png' src='../Screenshot/embedded12.png'>
					</div>
		</li>
		<li test-id='34' class='node then Pass' status='Pass'>
			<div class="step-name" title="(stepDefinitions.DealsPageSteps.verify_user_on_deals_page())"><span class='status pass' title='Pass'><i class='material-icons'>check_circle</i></span>Then verify user on deals page</div>


		</li>
		<li test-id='36' class='node * Pass' status='Pass'>
			<div class="step-name" title="(AFTER_STEP)"><span class='status pass' title='Pass'><i class='material-icons'>check_circle</i></span>stepDefinitions.LoginPageSteps.screenshot(io.cucumber.java.Scenario)</div>


					<div class="node-step">validate Create deals and Delete deals functionality</div>
					<div class='screenshots'>
						<img width='80' height='40' onerror='this.style.display="none"' data-featherlight='../Screenshot/embedded14.png' src='../Screenshot/embedded14.png'>
					</div>
		</li>
		<li test-id='38' class='node then Pass' status='Pass'>
			<div class="step-name" title="(stepDefinitions.DealsPageSteps.user_click_on_create_button_in_deals_page())"><span class='status pass' title='Pass'><i class='material-icons'>check_circle</i></span>Then user click on create button in deals page</div>


		</li>
		<li test-id='49' class='node * Pass' status='Pass'>
			<div class="step-name" title="(AFTER_STEP)"><span class='status pass' title='Pass'><i class='material-icons'>check_circle</i></span>stepDefinitions.LoginPageSteps.screenshot(io.cucumber.java.Scenario)</div>


					<div class="node-step">validate Create deals and Delete deals functionality</div>
					<div class='screenshots'>
						<img width='80' height='40' onerror='this.style.display="none"' data-featherlight='../Screenshot/embedded20.png' src='../Screenshot/embedded20.png'>
					</div>
		</li>
		<li test-id='50' class='node and Pass' status='Pass'>
			<div class="step-name" title="(stepDefinitions.DealsPageSteps.user_enter_title_in_deals_page())"><span class='status pass' title='Pass'><i class='material-icons'>check_circle</i></span>And user enter title in deals page</div>


		</li>
		<li test-id='51' class='node * Pass' status='Pass'>
			<div class="step-name" title="(AFTER_STEP)"><span class='status pass' title='Pass'><i class='material-icons'>check_circle</i></span>stepDefinitions.LoginPageSteps.screenshot(io.cucumber.java.Scenario)</div>


					<div class="node-step">validate Create deals and Delete deals functionality</div>
					<div class='screenshots'>
						<img width='80' height='40' onerror='this.style.display="none"' data-featherlight='../Screenshot/embedded21.png' src='../Screenshot/embedded21.png'>
					</div>
		</li>
		<li test-id='52' class='node and Pass' status='Pass'>
			<div class="step-name" title="(stepDefinitions.DealsPageSteps.user_enter_description_in_deals_page())"><span class='status pass' title='Pass'><i class='material-icons'>check_circle</i></span>And user enter description in deals page</div>


		</li>
		<li test-id='53' class='node * Pass' status='Pass'>
			<div class="step-name" title="(AFTER_STEP)"><span class='status pass' title='Pass'><i class='material-icons'>check_circle</i></span>stepDefinitions.LoginPageSteps.screenshot(io.cucumber.java.Scenario)</div>


					<div class="node-step">validate Create deals and Delete deals functionality</div>
					<div class='screenshots'>
						<img width='80' height='40' onerror='this.style.display="none"' data-featherlight='../Screenshot/embedded22.png' src='../Screenshot/embedded22.png'>
					</div>
		</li>
		<li test-id='54' class='node and Pass' status='Pass'>
			<div class="step-name" title="(stepDefinitions.DealsPageSteps.user_click_on_save_button_in_deals_page())"><span class='status pass' title='Pass'><i class='material-icons'>check_circle</i></span>And user click on save button in deals page</div>


		</li>
		<li test-id='55' class='node * Pass' status='Pass'>
			<div class="step-name" title="(AFTER_STEP)"><span class='status pass' title='Pass'><i class='material-icons'>check_circle</i></span>stepDefinitions.LoginPageSteps.screenshot(io.cucumber.java.Scenario)</div>


					<div class="node-step">validate Create deals and Delete deals functionality</div>
					<div class='screenshots'>
						<img width='80' height='40' onerror='this.style.display="none"' data-featherlight='../Screenshot/embedded23.png' src='../Screenshot/embedded23.png'>
					</div>
		</li>
		<li test-id='56' class='node and Pass' status='Pass'>
			<div class="step-name" title="(stepDefinitions.DealsPageSteps.user_click_on_delete_button_and_confirm_delete_button_in_deals_page())"><span class='status pass' title='Pass'><i class='material-icons'>check_circle</i></span>And user click on delete button and confirm delete button in deals  page</div>


		</li>
		<li test-id='63' class='node * Pass' status='Pass'>
			<div class="step-name" title="(AFTER_STEP)"><span class='status pass' title='Pass'><i class='material-icons'>check_circle</i></span>stepDefinitions.LoginPageSteps.screenshot(io.cucumber.java.Scenario)</div>


					<div class="node-step">validate Create deals and Delete deals functionality</div>
					<div class='screenshots'>
						<img width='80' height='40' onerror='this.style.display="none"' data-featherlight='../Screenshot/embedded26.png' src='../Screenshot/embedded26.png'>
					</div>
		</li>
	</ul>
</div>
<div class='scenario node' test-id='58' status='fail'>

	<span class='duration right label'>00 00 01.488</span>
	<div class="bdd-test">
		<div class="scenario-name"><span class='status fail' title='Fail'><i class='material-icons'>cancel</i></span> Scenario: validate logout functionality</div>
	</div>
	
	
	
	<ul class='steps'>
		<li test-id='59' class='node when Fail' status='Fail'>
			<div class="step-name" title="(stepDefinitions.HomePageStep.user_click_on_profile_icon())"><span class='status fail' title='Fail'><i class='material-icons'>cancel</i></span>When user click on profile icon</div>


					<textarea disabled class="code-block">org.openqa.selenium.ElementClickInterceptedException: element click intercepted: Element <div role="listbox" aria-expanded="false" class="ui basic button floating item dropdown" tabindex="0">...</div> is not clickable at point (1678, 22). Other element would receive the click: <div class="ui page modals dimmer transition visible active" style="display: flex !important;">...</div>
  (Session info: chrome=137.0.7151.69)
Build info: version: '4.27.0', revision: 'd6e718d134'
System info: os.name: 'Windows 11', os.arch: 'amd64', os.version: '10.0', java.version: '21.0.6'
Driver info: org.openqa.selenium.chrome.ChromeDriver
Command: [165601df0678919aafedb2eee93f51af, clickElement {id=f.9E7BBE8C34B5D8DEFC17499E9AA5E745.d.5C42B3F57A56BC5DECA91EA1535CCBBB.e.118}]
Capabilities {acceptInsecureCerts: false, browserName: chrome, browserVersion: 137.0.7151.69, chrome: {chromedriverVersion: 137.0.7151.68 (2989ffee9373..., userDataDir: C:\Users\praf0\AppData\Loca...}, fedcm:accounts: true, goog:chromeOptions: {debuggerAddress: localhost:54514}, networkConnectionEnabled: false, pageLoadStrategy: normal, platformName: windows, proxy: Proxy(), se:cdp: ws://localhost:54514/devtoo..., se:cdpVersion: 137.0.7151.69, setWindowRect: true, strictFileInteractability: false, timeouts: {implicit: 0, pageLoad: 300000, script: 30000}, unhandledPromptBehavior: dismiss and notify, webauthn:extension:credBlob: true, webauthn:extension:largeBlob: true, webauthn:extension:minPinLength: true, webauthn:extension:prf: true, webauthn:virtualAuthenticators: true}
Element: [[ChromeDriver: chrome on windows (165601df0678919aafedb2eee93f51af)] -> xpath: //div[@class='ui buttons']/descendant::div[@role='listbox']]
Session ID: 165601df0678919aafedb2eee93f51af
	at java.base/jdk.internal.reflect.DirectConstructorHandleAccessor.newInstance(DirectConstructorHandleAccessor.java:62)
	at java.base/java.lang.reflect.Constructor.newInstanceWithCaller(Constructor.java:502)
	at java.base/java.lang.reflect.Constructor.newInstance(Constructor.java:486)
	at org.openqa.selenium.remote.ErrorCodec.decode(ErrorCodec.java:167)
	at org.openqa.selenium.remote.codec.w3c.W3CHttpResponseCodec.decode(W3CHttpResponseCodec.java:138)
	at org.openqa.selenium.remote.codec.w3c.W3CHttpResponseCodec.decode(W3CHttpResponseCodec.java:50)
	at org.openqa.selenium.remote.HttpCommandExecutor.execute(HttpCommandExecutor.java:190)
	at org.openqa.selenium.remote.service.DriverCommandExecutor.invokeExecute(DriverCommandExecutor.java:216)
	at org.openqa.selenium.remote.service.DriverCommandExecutor.execute(DriverCommandExecutor.java:174)
	at org.openqa.selenium.remote.RemoteWebDriver.execute(RemoteWebDriver.java:545)
	at org.openqa.selenium.remote.RemoteWebElement.execute(RemoteWebElement.java:223)
	at org.openqa.selenium.remote.RemoteWebElement.click(RemoteWebElement.java:76)
	at java.base/jdk.internal.reflect.DirectMethodHandleAccessor.invoke(DirectMethodHandleAccessor.java:103)
	at java.base/java.lang.reflect.Method.invoke(Method.java:580)
	at org.openqa.selenium.support.pagefactory.internal.LocatingElementHandler.invoke(LocatingElementHandler.java:51)
	at jdk.proxy2/jdk.proxy2.$Proxy24.click(Unknown Source)
	at PageLayer.HomePage.userClickOnProfileIcon(HomePage.java:40)
	at stepDefinitions.HomePageStep.user_click_on_profile_icon(HomePageStep.java:38)
	at ✽.user click on profile icon(file:///C:/Users/praf0/OneDrive/Desktop/Full%20Stack%20Testing%20SDET%20Batch%201st%20March%202025/Final%20Hybrid%20Framework/Cogmento/src/test/java/featureFiles/TC_001_ContactPageCogmentoCRM.feature:23)
</textarea>
		</li>
		<li test-id='60' class='node * Pass' status='Pass'>
			<div class="step-name" title="(AFTER_STEP)"><span class='status pass' title='Pass'><i class='material-icons'>check_circle</i></span>stepDefinitions.LoginPageSteps.screenshot(io.cucumber.java.Scenario)</div>


					<div class="node-step">validate logout functionality</div>
					<div class='screenshots'>
						<img width='80' height='40' onerror='this.style.display="none"' data-featherlight='../Screenshot/embedded25.png' src='../Screenshot/embedded25.png'>
					</div>
		</li>
		<li test-id='61' class='node and Skip' status='Skip'>
			<div class="step-name" title="(stepDefinitions.HomePageStep.user_click_on_logout_button())"><span class='status skip' title='Skip'><i class='material-icons'>redo</i></span>And user click on logout button</div>


					<div class="node-step">Step skipped</div>
		</li>
	</ul>
</div>
<div class='scenario node' test-id='64' status='pass'>

	<span class='duration right label'>00 00 00.545</span>
	<div class="bdd-test">
		<div class="scenario-name"><span class='status pass' title='Pass'><i class='material-icons'>check_circle</i></span> Scenario: validate logout functionality</div>
	</div>
	
	
	
	<ul class='steps'>
		<li test-id='65' class='node when Pass' status='Pass'>
			<div class="step-name" title="(stepDefinitions.HomePageStep.user_click_on_profile_icon())"><span class='status pass' title='Pass'><i class='material-icons'>check_circle</i></span>When user click on profile icon</div>


		</li>
		<li test-id='66' class='node * Pass' status='Pass'>
			<div class="step-name" title="(AFTER_STEP)"><span class='status pass' title='Pass'><i class='material-icons'>check_circle</i></span>stepDefinitions.LoginPageSteps.screenshot(io.cucumber.java.Scenario)</div>


					<div class="node-step">validate logout functionality</div>
					<div class='screenshots'>
						<img width='80' height='40' onerror='this.style.display="none"' data-featherlight='../Screenshot/embedded27.png' src='../Screenshot/embedded27.png'>
					</div>
		</li>
		<li test-id='67' class='node and Pass' status='Pass'>
			<div class="step-name" title="(stepDefinitions.HomePageStep.user_click_on_logout_button())"><span class='status pass' title='Pass'><i class='material-icons'>check_circle</i></span>And user click on logout button</div>


		</li>
		<li test-id='68' class='node * Pass' status='Pass'>
			<div class="step-name" title="(AFTER_STEP)"><span class='status pass' title='Pass'><i class='material-icons'>check_circle</i></span>stepDefinitions.LoginPageSteps.screenshot(io.cucumber.java.Scenario)</div>


					<div class="node-step">validate logout functionality</div>
					<div class='screenshots'>
						<img width='80' height='40' onerror='this.style.display="none"' data-featherlight='../Screenshot/embedded28.png' src='../Screenshot/embedded28.png'>
					</div>
		</li>
	</ul>
</div>
					</div>
				</li>
			</ul>
		</div>
	</div>
	
	
	<!-- subview left -->
	<div class='subview-right left'>
		<div class='view-summary'>
			<div id='step-filters' class="right sr-filters">
				<a class="btn-floating waves-effect waves-light green" status="pass" alt="pass" title="pass"><i class="material-icons">check_circle</i></a>
				<a class="btn-floating waves-effect waves-light red" status="fail" alt="fail" title="fail"><i class="material-icons">cancel</i></a>
				<a class="btn-floating waves-effect waves-light red darken-4" status="fatal" alt="fatal" title="fatal"><i class="material-icons">cancel</i></a>
				<a class="btn-floating waves-effect waves-light pink text-lighten-1" status="error" alt="error" title="error"><i class="material-icons">error</i></a>
				<a class="btn-floating waves-effect waves-light orange" alt="warning" status="warning" title="warning"><i class="material-icons">warning</i></a>
				<a class="btn-floating waves-effect waves-light teal" status="skip" alt="skip" title="skip"><i class="material-icons">redo</i></a>
				<a class="btn-floating waves-effect waves-light grey" status="clear" alt="Clear filters" title="Clear filters"><i class="material-icons">clear</i></a>
			</div>
			<h5 class='test-name'></h5>
		</div>
	</div>
	<!-- subview right -->
</div>
<!-- test view --><div id='exception-view' class='view hide'>
	<section id='controls'>
		<div class='controls grey lighten-4'>
			<!-- search -->
			<div class='chip transparent' alt='Search Tests' title='Search Tests'>
				<a href="#" class='search-div'>
				<i class='material-icons'>search</i> Search
				</a>
				<div class='input-field left hide'>
					<input id='search-tests' type='text' class='validate browser-default' placeholder='Search Tests...'>
				</div>
			</div>
			<!-- search -->
		</div>
	</section>
	<div class='subview-left left'>
		<div class='view-summary'>
			<ul id='exception-collection' class='exception-collection'>
				<li class='exception displayed active'>
					<div class='exception-heading'>
						<span class='exception-name'>org.openqa.selenium.ElementClickInterceptedException</span>
						<span class='exception-count right'><span class='label red lighten-1 white-text'>1</span></span>
					</div>
					<div class='exception-content hide'>
						<div class='exception-tests'>
							<table class='bordered table-results'>
								<thead>
									<tr>
										<th>Timestamp</th>
										<th>TestName</th>
										<th>StackTrace</th>
									</tr>
								</thead>
								<tbody>
									<tr>
										<td>Jun 6, 2025 07:47:21 pm</td>
										<td class='linked' test-id='59'>When user click on profile icon</td>
										<td>
											<textarea disabled class="code-block">org.openqa.selenium.ElementClickInterceptedException: element click intercepted: Element <div role="listbox" aria-expanded="false" class="ui basic button floating item dropdown" tabindex="0">...</div> is not clickable at point (1678, 22). Other element would receive the click: <div class="ui page modals dimmer transition visible active" style="display: flex !important;">...</div>
  (Session info: chrome=137.0.7151.69)
Build info: version: '4.27.0', revision: 'd6e718d134'
System info: os.name: 'Windows 11', os.arch: 'amd64', os.version: '10.0', java.version: '21.0.6'
Driver info: org.openqa.selenium.chrome.ChromeDriver
Command: [165601df0678919aafedb2eee93f51af, clickElement {id=f.9E7BBE8C34B5D8DEFC17499E9AA5E745.d.5C42B3F57A56BC5DECA91EA1535CCBBB.e.118}]
Capabilities {acceptInsecureCerts: false, browserName: chrome, browserVersion: 137.0.7151.69, chrome: {chromedriverVersion: 137.0.7151.68 (2989ffee9373..., userDataDir: C:\Users\praf0\AppData\Loca...}, fedcm:accounts: true, goog:chromeOptions: {debuggerAddress: localhost:54514}, networkConnectionEnabled: false, pageLoadStrategy: normal, platformName: windows, proxy: Proxy(), se:cdp: ws://localhost:54514/devtoo..., se:cdpVersion: 137.0.7151.69, setWindowRect: true, strictFileInteractability: false, timeouts: {implicit: 0, pageLoad: 300000, script: 30000}, unhandledPromptBehavior: dismiss and notify, webauthn:extension:credBlob: true, webauthn:extension:largeBlob: true, webauthn:extension:minPinLength: true, webauthn:extension:prf: true, webauthn:virtualAuthenticators: true}
Element: [[ChromeDriver: chrome on windows (165601df0678919aafedb2eee93f51af)] -> xpath: //div[@class='ui buttons']/descendant::div[@role='listbox']]
Session ID: 165601df0678919aafedb2eee93f51af
	at java.base/jdk.internal.reflect.DirectConstructorHandleAccessor.newInstance(DirectConstructorHandleAccessor.java:62)
	at java.base/java.lang.reflect.Constructor.newInstanceWithCaller(Constructor.java:502)
	at java.base/java.lang.reflect.Constructor.newInstance(Constructor.java:486)
	at org.openqa.selenium.remote.ErrorCodec.decode(ErrorCodec.java:167)
	at org.openqa.selenium.remote.codec.w3c.W3CHttpResponseCodec.decode(W3CHttpResponseCodec.java:138)
	at org.openqa.selenium.remote.codec.w3c.W3CHttpResponseCodec.decode(W3CHttpResponseCodec.java:50)
	at org.openqa.selenium.remote.HttpCommandExecutor.execute(HttpCommandExecutor.java:190)
	at org.openqa.selenium.remote.service.DriverCommandExecutor.invokeExecute(DriverCommandExecutor.java:216)
	at org.openqa.selenium.remote.service.DriverCommandExecutor.execute(DriverCommandExecutor.java:174)
	at org.openqa.selenium.remote.RemoteWebDriver.execute(RemoteWebDriver.java:545)
	at org.openqa.selenium.remote.RemoteWebElement.execute(RemoteWebElement.java:223)
	at org.openqa.selenium.remote.RemoteWebElement.click(RemoteWebElement.java:76)
	at java.base/jdk.internal.reflect.DirectMethodHandleAccessor.invoke(DirectMethodHandleAccessor.java:103)
	at java.base/java.lang.reflect.Method.invoke(Method.java:580)
	at org.openqa.selenium.support.pagefactory.internal.LocatingElementHandler.invoke(LocatingElementHandler.java:51)
	at jdk.proxy2/jdk.proxy2.$Proxy24.click(Unknown Source)
	at PageLayer.HomePage.userClickOnProfileIcon(HomePage.java:40)
	at stepDefinitions.HomePageStep.user_click_on_profile_icon(HomePageStep.java:38)
	at ✽.user click on profile icon(file:///C:/Users/praf0/OneDrive/Desktop/Full%20Stack%20Testing%20SDET%20Batch%201st%20March%202025/Final%20Hybrid%20Framework/Cogmento/src/test/java/featureFiles/TC_001_ContactPageCogmentoCRM.feature:23)
</textarea>
										</td>
									</tr>
								</tbody>
							</table>
						</div>
					</div>
				</li>
				<li class='exception displayed active'>
					<div class='exception-heading'>
						<span class='exception-name'>org.openqa.selenium.InvalidSelectorException</span>
						<span class='exception-count right'><span class='label red lighten-1 white-text'>1</span></span>
					</div>
					<div class='exception-content hide'>
						<div class='exception-tests'>
							<table class='bordered table-results'>
								<thead>
									<tr>
										<th>Timestamp</th>
										<th>TestName</th>
										<th>StackTrace</th>
									</tr>
								</thead>
								<tbody>
									<tr>
										<td>Jun 6, 2025 07:47:12 pm</td>
										<td class='linked' test-id='48'>And user click on delete button and confirm delete button</td>
										<td>
											<textarea disabled class="code-block">org.openqa.selenium.InvalidSelectorException: invalid selector: An invalid or illegal selector was specified
  (Session info: chrome=137.0.7151.69)
For documentation on this error, please visit: https://www.selenium.dev/documentation/webdriver/troubleshooting/errors#invalid-selector-exception
Build info: version: '4.27.0', revision: 'd6e718d134'
System info: os.name: 'Windows 11', os.arch: 'amd64', os.version: '10.0', java.version: '21.0.6'
Driver info: org.openqa.selenium.chrome.ChromeDriver
Command: [165601df0678919aafedb2eee93f51af, findElement {value=//button[text()='Delete'], using=name}]
Capabilities {acceptInsecureCerts: false, browserName: chrome, browserVersion: 137.0.7151.69, chrome: {chromedriverVersion: 137.0.7151.68 (2989ffee9373..., userDataDir: C:\Users\praf0\AppData\Loca...}, fedcm:accounts: true, goog:chromeOptions: {debuggerAddress: localhost:54514}, networkConnectionEnabled: false, pageLoadStrategy: normal, platformName: windows, proxy: Proxy(), se:cdp: ws://localhost:54514/devtoo..., se:cdpVersion: 137.0.7151.69, setWindowRect: true, strictFileInteractability: false, timeouts: {implicit: 0, pageLoad: 300000, script: 30000}, unhandledPromptBehavior: dismiss and notify, webauthn:extension:credBlob: true, webauthn:extension:largeBlob: true, webauthn:extension:minPinLength: true, webauthn:extension:prf: true, webauthn:virtualAuthenticators: true}
Session ID: 165601df0678919aafedb2eee93f51af
	at java.base/jdk.internal.reflect.DirectConstructorHandleAccessor.newInstance(DirectConstructorHandleAccessor.java:62)
	at java.base/java.lang.reflect.Constructor.newInstanceWithCaller(Constructor.java:502)
	at java.base/java.lang.reflect.Constructor.newInstance(Constructor.java:486)
	at org.openqa.selenium.remote.ErrorCodec.decode(ErrorCodec.java:167)
	at org.openqa.selenium.remote.codec.w3c.W3CHttpResponseCodec.decode(W3CHttpResponseCodec.java:138)
	at org.openqa.selenium.remote.codec.w3c.W3CHttpResponseCodec.decode(W3CHttpResponseCodec.java:50)
	at org.openqa.selenium.remote.HttpCommandExecutor.execute(HttpCommandExecutor.java:190)
	at org.openqa.selenium.remote.service.DriverCommandExecutor.invokeExecute(DriverCommandExecutor.java:216)
	at org.openqa.selenium.remote.service.DriverCommandExecutor.execute(DriverCommandExecutor.java:174)
	at org.openqa.selenium.remote.RemoteWebDriver.execute(RemoteWebDriver.java:545)
	at org.openqa.selenium.remote.ElementLocation$ElementFinder$2.findElement(ElementLocation.java:165)
	at org.openqa.selenium.remote.ElementLocation.findElement(ElementLocation.java:59)
	at org.openqa.selenium.remote.RemoteWebDriver.findElement(RemoteWebDriver.java:368)
	at org.openqa.selenium.remote.RemoteWebDriver.findElement(RemoteWebDriver.java:362)
	at org.openqa.selenium.support.pagefactory.DefaultElementLocator.findElement(DefaultElementLocator.java:68)
	at org.openqa.selenium.support.pagefactory.internal.LocatingElementHandler.invoke(LocatingElementHandler.java:38)
	at jdk.proxy2/jdk.proxy2.$Proxy24.click(Unknown Source)
	at PageLayer.ContactPage.user_click_on_delete_button_and_confirm_delete_button(ContactPage.java:131)
	at stepDefinitions.ContactPageSteps.user_click_on_delete_button_and_confirm_delete_button(ContactPageSteps.java:68)
	at ✽.user click on delete button and confirm delete button(file:///C:/Users/praf0/OneDrive/Desktop/Full%20Stack%20Testing%20SDET%20Batch%201st%20March%202025/Final%20Hybrid%20Framework/Cogmento/src/test/java/featureFiles/TC_001_ContactPageCogmentoCRM.feature:20)
</textarea>
										</td>
									</tr>
								</tbody>
							</table>
						</div>
					</div>
				</li>
			</ul>
		</div>
	</div>
	<div class='subview-right left'>
		<div class='view-summary'>
			<h5 class='exception-name'></h5>
		</div>
	</div>
</div>
<!-- exception view --><div id='dashboard-view' class='view hide'>
	<div class='card-panel transparent np-v'>
		<h5>Dashboard</h5>

		<div class='row'>
			<div class='col s2'>
				<div class='card-panel r'>
					Features
					<div class='panel-lead'>2</div>
				</div>
			</div>
			<div class='col s2'>
				<div class='card-panel r'>
					Scenarios
					<div class='panel-lead'>8</div>
				</div>
			</div>
			<div class='col s2'>
				<div class='card-panel r'>
					Steps
					<div class='panel-lead'>57</div>
				</div>
			</div>
			<div class='col s2'>
				<div class='card-panel r'>
					Start
					<div class='panel-lead'>Jun 6, 2025 07:46:47 pm</div>
				</div>
			</div>
			<div class='col s2'>
				<div class='card-panel r'>
			 		End
			 		<div class='panel-lead'>Jun 6, 2025 07:47:25 pm</div>
				</div>
			</div>
			<div class='col s2'>
				<div class='card-panel r'>
					Time Taken
					<div class='panel-lead'>00 00 38.798</div>
				</div>
			</div>
		</div>
	</div>
</div>
<!-- dashboard view -->
		</div>
		<!-- container -->
		<script>
			var statusGroup = {
                parentCount: 2,
				passParent: 1,
				failParent: 1,
				fatalParent: 0,
				errorParent: 0,
				warningParent: 0,
				skipParent: 0,
				childCount: 8,
				passChild: 6,
				failChild: 2,
				fatalChild: 0,
				errorChild: 0,
				warningChild: 0,
				skipChild: 0,
				infoChild: 0,
				grandChildCount: 57,
				passGrandChild: 54,
				failGrandChild: 2,
				fatalGrandChild: 0,
				errorGrandChild: 0,
				warningGrandChild: 0,
				skipGrandChild: 1,
				infoGrandChild: 0,
			};
			</script>
		
		<script>
			var timeline = {
			        "Test Cogmento CRM UI Automation Test Cases":7.732,"Test Cogmento CRM UI Automation Test Cases":38.266
			};
		</script>
		
		  <script src='http://cdn.jsdelivr.net/gh/extent-framework/extent-github-cdn@ff53917fbbdb5ef820abbbe4d199a6942dc771ff/v3html/js/extent.js' type='text/javascript'></script>
		
		
		<script type='text/javascript'>
				
		</script> 

	</body>
</html>