<?xml version="1.0" encoding="UTF-8"?>
<!-- Generated by org.testng.reporters.JUnitReportReporter -->
<testsuite hostname="Praful" failures="0" tests="4" name="runner.DealsPageRunnerTest" time="25.888" errors="0" timestamp="2025-06-06T19:49:04 IST" skipped="0">
  <testcase classname="runner.DealsPageRunnerTest" name="runScenario" time="8.475"/>
  <testcase classname="runner.DealsPageRunnerTest" name="runScenario" time="7.784"/>
  <testcase classname="runner.DealsPageRunnerTest" name="runScenario" time="8.835"/>
  <testcase classname="runner.DealsPageRunnerTest" name="runScenario" time="0.794"/>
</testsuite> <!-- runner.DealsPageRunnerTest -->
