<?xml version="1.0" encoding="UTF-8"?>
<!-- Generated by org.testng.reporters.JUnitReportReporter -->
<testsuite hostname="Praful" failures="0" tests="4" name="runner.ContactPageRunnerTest" time="38.541" errors="0" timestamp="2025-06-06T19:49:04 IST" skipped="0">
  <testcase classname="runner.ContactPageRunnerTest" name="runScenario" time="6.345"/>
  <testcase classname="runner.ContactPageRunnerTest" name="runScenario" time="23.326"/>
  <testcase classname="runner.ContactPageRunnerTest" name="runScenario" time="8.292"/>
  <testcase classname="runner.ContactPageRunnerTest" name="runScenario" time="0.578"/>
</testsuite> <!-- runner.ContactPageRunnerTest -->
