<?xml version="1.0" encoding="UTF-8"?>
<testng-results ignored="0" total="8" passed="8" failed="0" skipped="0">
  <reporter-output>
  </reporter-output>
  <suite started-at="2025-06-06T19:48:25 IST" name="Suite" finished-at="2025-06-06T19:49:04 IST" duration-ms="39117">
    <groups>
      <group name="cucumber">
        <method signature="AbstractTestNGCucumberTests.runScenario(io.cucumber.testng.PickleWrapper,io.cucumber.testng.FeatureWrapper)[pri:0, instance:runner.ContactPageRunnerTest@587e5365]" name="runScenario" class="io.cucumber.testng.AbstractTestNGCucumberTests"/>
        <method signature="AbstractTestNGCucumberTests.runScenario(io.cucumber.testng.PickleWrapper,io.cucumber.testng.FeatureWrapper)[pri:0, instance:runner.DealsPageRunnerTest@305b7c14]" name="runScenario" class="io.cucumber.testng.AbstractTestNGCucumberTests"/>
      </group> <!-- cucumber -->
    </groups>
    <test started-at="2025-06-06T19:48:25 IST" name="Test" finished-at="2025-06-06T19:49:04 IST" duration-ms="39117">
      <class name="runner.ContactPageRunnerTest">
        <test-method is-config="true" signature="setUpClass(org.testng.ITestContext)[pri:0, instance:runner.ContactPageRunnerTest@587e5365]" started-at="2025-06-06T19:48:25 IST" name="setUpClass" finished-at="2025-06-06T19:48:25 IST" duration-ms="451" status="PASS">
          <params>
            <param index="0">
              <value>
                <![CDATA[org.testng.TestRunner@6fd83fc1]]>
              </value>
            </param>
          </params>
          <reporter-output>
          </reporter-output>
        </test-method> <!-- setUpClass -->
        <test-method signature="runScenario(io.cucumber.testng.PickleWrapper,io.cucumber.testng.FeatureWrapper)[pri:0, instance:runner.ContactPageRunnerTest@587e5365]" started-at="2025-06-06T19:48:25 IST" name="runScenario" description="Runs Cucumber Scenarios" data-provider="scenarios" finished-at="2025-06-06T19:48:34 IST" duration-ms="8292" status="PASS">
          <params>
            <param index="0">
              <value>
                <![CDATA["Validate login functionality"]]>
              </value>
            </param>
            <param index="1">
              <value>
                <![CDATA["Test Cogmento CRM UI Automation Test Cases"]]>
              </value>
            </param>
          </params>
          <reporter-output>
          </reporter-output>
        </test-method> <!-- runScenario -->
        <test-method signature="runScenario(io.cucumber.testng.PickleWrapper,io.cucumber.testng.FeatureWrapper)[pri:0, instance:runner.ContactPageRunnerTest@587e5365]" started-at="2025-06-06T19:48:34 IST" name="runScenario" description="Runs Cucumber Scenarios" data-provider="scenarios" finished-at="2025-06-06T19:48:40 IST" duration-ms="6345" status="PASS">
          <params>
            <param index="0">
              <value>
                <![CDATA["validate Home Page functionality"]]>
              </value>
            </param>
            <param index="1">
              <value>
                <![CDATA["Test Cogmento CRM UI Automation Test Cases"]]>
              </value>
            </param>
          </params>
          <reporter-output>
          </reporter-output>
        </test-method> <!-- runScenario -->
        <test-method signature="runScenario(io.cucumber.testng.PickleWrapper,io.cucumber.testng.FeatureWrapper)[pri:0, instance:runner.ContactPageRunnerTest@587e5365]" started-at="2025-06-06T19:48:40 IST" name="runScenario" description="Runs Cucumber Scenarios" data-provider="scenarios" finished-at="2025-06-06T19:49:03 IST" duration-ms="23326" status="PASS">
          <params>
            <param index="0">
              <value>
                <![CDATA["validate Create Contact and Delete Contact functionality"]]>
              </value>
            </param>
            <param index="1">
              <value>
                <![CDATA["Test Cogmento CRM UI Automation Test Cases"]]>
              </value>
            </param>
          </params>
          <reporter-output>
          </reporter-output>
        </test-method> <!-- runScenario -->
        <test-method signature="runScenario(io.cucumber.testng.PickleWrapper,io.cucumber.testng.FeatureWrapper)[pri:0, instance:runner.ContactPageRunnerTest@587e5365]" started-at="2025-06-06T19:49:03 IST" name="runScenario" description="Runs Cucumber Scenarios" data-provider="scenarios" finished-at="2025-06-06T19:49:04 IST" duration-ms="578" status="PASS">
          <params>
            <param index="0">
              <value>
                <![CDATA["validate logout functionality"]]>
              </value>
            </param>
            <param index="1">
              <value>
                <![CDATA["Test Cogmento CRM UI Automation Test Cases"]]>
              </value>
            </param>
          </params>
          <reporter-output>
          </reporter-output>
        </test-method> <!-- runScenario -->
        <test-method is-config="true" signature="tearDownClass()[pri:0, instance:runner.ContactPageRunnerTest@587e5365]" started-at="2025-06-06T19:49:04 IST" name="tearDownClass" finished-at="2025-06-06T19:49:04 IST" duration-ms="48" status="PASS">
          <reporter-output>
          </reporter-output>
        </test-method> <!-- tearDownClass -->
      </class> <!-- runner.ContactPageRunnerTest -->
      <class name="runner.DealsPageRunnerTest">
        <test-method is-config="true" signature="setUpClass(org.testng.ITestContext)[pri:0, instance:runner.DealsPageRunnerTest@305b7c14]" started-at="2025-06-06T19:48:25 IST" name="setUpClass" finished-at="2025-06-06T19:48:25 IST" duration-ms="450" status="PASS">
          <params>
            <param index="0">
              <value>
                <![CDATA[org.testng.TestRunner@6fd83fc1]]>
              </value>
            </param>
          </params>
          <reporter-output>
          </reporter-output>
        </test-method> <!-- setUpClass -->
        <test-method signature="runScenario(io.cucumber.testng.PickleWrapper,io.cucumber.testng.FeatureWrapper)[pri:0, instance:runner.DealsPageRunnerTest@305b7c14]" started-at="2025-06-06T19:48:25 IST" name="runScenario" description="Runs Cucumber Scenarios" data-provider="scenarios" finished-at="2025-06-06T19:48:34 IST" duration-ms="8475" status="PASS">
          <params>
            <param index="0">
              <value>
                <![CDATA["Validate login functionality"]]>
              </value>
            </param>
            <param index="1">
              <value>
                <![CDATA["Test Cogmento CRM UI Automation Test Cases"]]>
              </value>
            </param>
          </params>
          <reporter-output>
          </reporter-output>
        </test-method> <!-- runScenario -->
        <test-method signature="runScenario(io.cucumber.testng.PickleWrapper,io.cucumber.testng.FeatureWrapper)[pri:0, instance:runner.DealsPageRunnerTest@305b7c14]" started-at="2025-06-06T19:48:34 IST" name="runScenario" description="Runs Cucumber Scenarios" data-provider="scenarios" finished-at="2025-06-06T19:48:42 IST" duration-ms="7784" status="PASS">
          <params>
            <param index="0">
              <value>
                <![CDATA["validate Home Page functionality"]]>
              </value>
            </param>
            <param index="1">
              <value>
                <![CDATA["Test Cogmento CRM UI Automation Test Cases"]]>
              </value>
            </param>
          </params>
          <reporter-output>
          </reporter-output>
        </test-method> <!-- runScenario -->
        <test-method signature="runScenario(io.cucumber.testng.PickleWrapper,io.cucumber.testng.FeatureWrapper)[pri:0, instance:runner.DealsPageRunnerTest@305b7c14]" started-at="2025-06-06T19:48:42 IST" name="runScenario" description="Runs Cucumber Scenarios" data-provider="scenarios" finished-at="2025-06-06T19:48:50 IST" duration-ms="8835" status="PASS">
          <params>
            <param index="0">
              <value>
                <![CDATA["validate Create deals and Delete deals functionality"]]>
              </value>
            </param>
            <param index="1">
              <value>
                <![CDATA["Test Cogmento CRM UI Automation Test Cases"]]>
              </value>
            </param>
          </params>
          <reporter-output>
          </reporter-output>
        </test-method> <!-- runScenario -->
        <test-method signature="runScenario(io.cucumber.testng.PickleWrapper,io.cucumber.testng.FeatureWrapper)[pri:0, instance:runner.DealsPageRunnerTest@305b7c14]" started-at="2025-06-06T19:48:50 IST" name="runScenario" description="Runs Cucumber Scenarios" data-provider="scenarios" finished-at="2025-06-06T19:48:51 IST" duration-ms="794" status="PASS">
          <params>
            <param index="0">
              <value>
                <![CDATA["validate logout functionality"]]>
              </value>
            </param>
            <param index="1">
              <value>
                <![CDATA["Test Cogmento CRM UI Automation Test Cases"]]>
              </value>
            </param>
          </params>
          <reporter-output>
          </reporter-output>
        </test-method> <!-- runScenario -->
        <test-method is-config="true" signature="tearDownClass()[pri:0, instance:runner.DealsPageRunnerTest@305b7c14]" started-at="2025-06-06T19:48:51 IST" name="tearDownClass" finished-at="2025-06-06T19:48:52 IST" duration-ms="1053" status="PASS">
          <reporter-output>
          </reporter-output>
        </test-method> <!-- tearDownClass -->
      </class> <!-- runner.DealsPageRunnerTest -->
    </test> <!-- Test -->
  </suite> <!-- Suite -->
</testng-results>
