




<!DOCTYPE html>
<html>
<head>
	<meta charset='UTF-8' /> 
	<meta name='description' content='' />
	<meta name='robots' content='noodp, noydir' />
	<meta name='viewport' content='width=device-width, initial-scale=1' />
	<meta id="timeStampFormat" name="timeStampFormat" content='MMM d, yyyy hh:mm:ss a'/>
	
        <link href='http://fonts.googleapis.com/css?family=Source+Sans+Pro:400,600' rel='stylesheet' type='text/css' />
        <link href="http://fonts.googleapis.com/icon?family=Material+Icons" rel="stylesheet" />
        <link href='http://cdn.jsdelivr.net/gh/extent-framework/extent-github-cdn@ff53917fbbdb5ef820abbbe4d199a6942dc771ff/v3html/css/extent.css' type='text/css' rel='stylesheet' />
	
	<title></title>

	<style type='text/css'>
		/* json-tree */
		.jstBracket,.jstComma,.jstValue{white-space:pre-wrap}.jstValue{font-size:10px;font-weight:400;font-family:"Lucida Console",Monaco,monospace}.jstProperty{color:#666;word-wrap:break-word}.jstBool{color:#2525CC}.jstNum{color:#D036D0}.jstNull{color:gray}.jstStr{color:#2DB669}.jstFold:after{content:' -';cursor:pointer}.jstExpand{white-space:normal}.jstExpand:after{content:' +';cursor:pointer}.jstFolded{white-space:normal!important}.jstHiddenBlock{display:none}
			
	</style>
	
	<script type="text/javascript">
		/*! json-tree - v0.2.2 - 2017-09-25, MIT LICENSE */
		var JSONTree=function(){var n={"&":"&amp;","<":"&lt;",">":"&gt;",'"':"&quot;","'":"&#x27;","/":"&#x2F;"},t=0,r=0;this.create=function(n,t){return r+=1,N(u(n,0,!1),{class:"jstValue"})};var e=function(t){return t.replace(/[&<>'"]/g,function(t){return n[t]})},s=function(){return r+"_"+t++},u=function(n,t,r){if(null===n)return f(r?t:0);switch(typeof n){case"boolean":return l(n,r?t:0);case"number":return i(n,r?t:0);case"string":return o(n,r?t:0);default:return n instanceof Array?a(n,t,r):c(n,t,r)}},c=function(n,t,r){var e=s(),u=Object.keys(n).map(function(r){return j(r,n[r],t+1,!0)}).join(m()),c=[g("{",r?t:0,e),N(u,{id:e}),p("}",t)].join("\n");return N(c,{})},a=function(n,t,r){var e=s(),c=n.map(function(n){return u(n,t+1,!0)}).join(m());return[g("[",r?t:0,e),N(c,{id:e}),p("]",t)].join("\n")},o=function(n,t){var r=e(JSON.stringify(n));return N(v(r,t),{class:"jstStr"})},i=function(n,t){return N(v(n,t),{class:"jstNum"})},l=function(n,t){return N(v(n,t),{class:"jstBool"})},f=function(n){return N(v("null",n),{class:"jstNull"})},j=function(n,t,r){var s=v(e(JSON.stringify(n))+": ",r),c=N(u(t,r,!1),{});return N(s+c,{class:"jstProperty"})},m=function(){return N(",\n",{class:"jstComma"})},N=function(n,t){return d("span",t,n)},d=function(n,t,r){return"<"+n+Object.keys(t).map(function(n){return" "+n+'="'+t[n]+'"'}).join("")+">"+r+"</"+n+">"},g=function(n,t,r){return N(v(n,t),{class:"jstBracket"})+N("",{class:"jstFold",onclick:"JSONTree.toggle('"+r+"')"})};this.toggle=function(n){var t=document.getElementById(n),r=t.parentNode,e=t.previousElementSibling;""===t.className?(t.className="jstHiddenBlock",r.className="jstFolded",e.className="jstExpand"):(t.className="",r.className="",e.className="jstFold")};var p=function(n,t){return N(v(n,t),{})},v=function(n,t){return Array(2*t+1).join(" ")+n};return this}();
	</script>
</head>
	<body class='extent standard default hide-overflow bdd-report'>
		<div id='theme-selector' alt='Click to toggle theme. To enable by default, use theme configuration.' title='Click to toggle theme. To enable by default, use theme configuration.'>
			<span><i class='material-icons'>desktop_windows</i></span>
		</div>
<nav>
	<div class="nav-wrapper">
        <a href="#!" class="brand-logo black"><img src="http://cdn.jsdelivr.net/gh/extent-framework/extent-github-cdn@ff53917fbbdb5ef820abbbe4d199a6942dc771ff/commons/img/logo.png"></a>
		<!-- slideout menu -->
		<ul id='slide-out' class='side-nav fixed hide-on-med-and-down'>
			<li class='waves-effect active'><a href='#!' view='test-view' onclick="configureView(0);chartsView('test');"><i class='material-icons'>dashboard</i></a></li>
			<li class='waves-effect'><a href='#!' view='exception-view' onclick="configureView(2)"><i class='material-icons'>bug_report</i></a></li>
			<li class='waves-effect'><a href='#!' onclick="configureView(-1);chartsView('dashboard');" view='dashboard-view'><i class='material-icons'>track_changes</i></a></li>
		</ul>
		<!-- report name -->
		<span class='report-name'></span>
		<!-- report headline -->
		<span class='report-headline'></span>
		<!-- nav-right -->
		<ul id='nav-mobile' class='right hide-on-med-and-down nav-right'>
			<a href='#!'>
			<span class='label blue darken-3 suite-start-time'>Nov 6, 2025 06:15:47 pm</span>
			</a>
		</ul>
	</div>
</nav>		<!-- container -->
		<div class='container'>
<div id='test-view' class='view'>
	<section id='controls'>
		<div class='controls grey lighten-4'>
			<!-- test toggle -->
			<div class='chip transparent'>
				<a class='dropdown-button tests-toggle' data-activates='tests-toggle' data-constrainwidth='true' data-beloworigin='true' data-hover='true' href='#'>
				<i class='material-icons'>warning</i> Status
				</a>
				<ul id='tests-toggle' class='dropdown-content'>
										<li status='fail'><a href='#!'>Fail <i class='material-icons red-text'>cancel</i></a></li>
					<li class='divider'></li>
					<li status='clear' clear='true'><a href='#!'>Clear Filters <i class='material-icons'>clear</i></a></li>
				</ul>
			</div>
			<!-- test toggle -->
			<!-- category toggle -->
			<!-- category toggle -->
			<!-- clear filters -->
			<div class='chip transparent hide'>
				<a class='' id='clear-filters' alt='Clear Filters' title='Clear Filters'>
				<i class='material-icons'>close</i> Clear
				</a>
			</div>
			<!-- clear filters -->
			<!-- enable dashboard -->
			<div id='toggle-test-view-charts' class='chip transparent'>
				<a class='pink-text' id='enable-dashboard' alt='Enable Dashboard' title='Enable Dashboard'>
				<i class='material-icons'>track_changes</i> Dashboard
				</a>
			</div>
			<!-- enable dashboard -->
			<!-- search -->
			<div class='chip transparent' alt='Search Tests' title='Search Tests'>
				<a href="#" class='search-div'>
				<i class='material-icons'>search</i> Search
				</a>
				<div class='input-field left hide'>
					<input id='search-tests' type='text' class='validate browser-default' placeholder='Search Tests...'>
				</div>
			</div>
			<!-- search -->
		</div>
	</section>

<div id='test-view-charts' class='subview-full'>
    <div id='charts-row' class='row nm-v nm-h'>
        <div class='col s12 m4 l4 np-h'>
            <div class='card-panel nm-v'>
                <div class='left panel-name'>Features</div>
                <div class='chart-box' style="max-height:94px;">
                    <canvas id='parent-analysis' width='90' height='70'></canvas>
                </div>
                <div class='block text-small'>
                    <span class='tooltipped' data-position='top' data-tooltip='$0%'>
                    <span class='strong'>0</span> features passed</span>
                </div>
                <div class='block text-small'>
                    <span class='strong tooltipped' data-position='top' data-tooltip='100%'>
                    1</span> features failed, 
                    <span class='strong tooltipped' data-position='top' data-tooltip='0%'>
                    0</span> skipped
                </div>
            </div>
        </div>
        <div class='col s12 m4 l4 np-h'>
            <div class='card-panel nm-v'>
                <div class='left panel-name'>Scenarios</div>
                <div class='chart-box' style="max-height:94px;">
                    <canvas id='child-analysis' width='90' height='70'></canvas>
                </div>
                <div class='block text-small'>
                    <span class='tooltipped' data-position='top' data-tooltip='0%'>
                    <span class='strong'>0</span> scenarios passed</span>
                </div>
                <div class='block text-small'>
                    <span class='strong tooltipped' data-position='top' data-tooltip='100%'>
                    8</span> scenarios failed, 
                    <span class='strong tooltipped' data-position='top' data-tooltip='0%'>
                    0</span> skipped, 
                    <span class='strong tooltipped' data-position='top' data-tooltip='0%'>
                    0</span> others
                </div>
            </div>
        </div>
        <div class='col s12 m4 l4 np-h'>
            <div class='card-panel nm-v'>
                <div class='left panel-name'>Steps</div>
                <div class='chart-box' style="max-height:94px;">
                    <canvas id='grandchild-analysis' width='90' height='70'></canvas>
                </div>
                <div class='block text-small'>
                    <span class='tooltipped' data-position='top' data-tooltip='0%'>
                    <span class='strong'>0</span> steps passed</span>
                </div>
                <div class='block text-small'>
                    <span class='strong tooltipped' data-position='top' data-tooltip='43%'>
                    16</span> steps failed, 
                    <span class='strong tooltipped' data-position='top' data-tooltip='56%'>
                    21</span> skipped, 
                    <span class='strong tooltipped' data-position='top' data-tooltip='0%'>
                    0</span> others
                </div>
            </div>
        </div>
    </div>
    <div id="timeline-chart" class="row nm-v nm-h">
        <div class="col s12 m12 l12 np-h">
            <div class="card-panel">
                <div class='left panel-name'>Timeline (seconds)</div>
                <div class="chart-box" style="width:98%;max-height:145px;">
                    <canvas id="timeline" height="120"></canvas>
                </div>
            </div>
        </div>
    </div>
</div>	
	<div class='subview-left left'>
		<div class='view-summary'>
			<ul id='test-collection' class='test-collection'>
				<li class='test displayed active has-leaf fail' status='fail' bdd='true' test-id='1'>
					<div class='test-heading'>
						<span class='test-name'>Test Cogmento CRM UI Automation Test Cases</span>
						<span class='test-time'>Nov 6, 2025 06:15:48 pm</span>
						<span class='test-status right fail'>Fail</span>
					</div>
					<div class='test-content hide'>
<div class="sr-filters bdd-filters">
	<a class="btn-floating waves-effect waves-light pass green" title="pass"><i class='material-icons'>check_circle</i></a>
	<a class="btn-floating waves-effect waves-light fail red" title="fail"><i class='material-icons'>cancel</i></a>
	<a class="btn-floating waves-effect waves-light skip blue" title="skip"><i class='material-icons'>redo</i></a>
	<a class="btn-floating waves-effect waves-light clear grey" title="clear"><i class='material-icons'>clear</i></a>
</div>

<div class='scenario node' test-id='2' status='fail'>

	<span class='duration right label'>00 00 06.642</span>
	<div class="bdd-test">
		<div class="scenario-name"><span class='status fail' title='Fail'><i class='material-icons'>cancel</i></span> Scenario: Validate login functionality</div>
	</div>
	
	
	
	<ul class='steps'>
		<li test-id='3' class='node given Fail' status='Fail'>
			<div class="step-name" title="(stepDefinitions.LoginPageSteps.user_open_application_in_browser(java.lang.String))"><span class='status fail' title='Fail'><i class='material-icons'>cancel</i></span>Given user open application in "edge" browser</div>


					<textarea disabled class="code-block">org.openqa.selenium.SessionNotCreatedException: Could not start a new session. Response code 500. Message: session not created: This version of Microsoft Edge WebDriver only supports Microsoft Edge version 137
Current browser version is 142.0.3595.53 with binary path C:\Program Files (x86)\Microsoft\Edge\Application\msedge.exe 
Host info: host: 'DESKTOP-IJMBLR8', ip: '192.168.31.13'
Build info: version: '4.27.0', revision: 'd6e718d134'
System info: os.name: 'Windows 11', os.arch: 'amd64', os.version: '10.0', java.version: '17.0.4.1'
Driver info: org.openqa.selenium.edge.EdgeDriver
Command: [null, newSession {capabilities=[Capabilities {browserName: MicrosoftEdge, ms:edgeOptions: {args: [], binary: C:\Program Files (x86)\Micr..., extensions: []}}]}]
	at org.openqa.selenium.remote.ProtocolHandshake.createSession(ProtocolHandshake.java:114)
	at org.openqa.selenium.remote.ProtocolHandshake.createSession(ProtocolHandshake.java:75)
	at org.openqa.selenium.remote.ProtocolHandshake.createSession(ProtocolHandshake.java:61)
	at org.openqa.selenium.remote.HttpCommandExecutor.execute(HttpCommandExecutor.java:162)
	at org.openqa.selenium.remote.service.DriverCommandExecutor.invokeExecute(DriverCommandExecutor.java:216)
	at org.openqa.selenium.remote.service.DriverCommandExecutor.execute(DriverCommandExecutor.java:174)
	at org.openqa.selenium.remote.RemoteWebDriver.execute(RemoteWebDriver.java:545)
	at org.openqa.selenium.remote.RemoteWebDriver.startSession(RemoteWebDriver.java:245)
	at org.openqa.selenium.remote.RemoteWebDriver.<init>(RemoteWebDriver.java:174)
	at org.openqa.selenium.chromium.ChromiumDriver.<init>(ChromiumDriver.java:114)
	at org.openqa.selenium.edge.EdgeDriver.<init>(EdgeDriver.java:60)
	at org.openqa.selenium.edge.EdgeDriver.<init>(EdgeDriver.java:56)
	at org.openqa.selenium.edge.EdgeDriver.<init>(EdgeDriver.java:48)
	at org.openqa.selenium.edge.EdgeDriver.<init>(EdgeDriver.java:44)
	at UtilityLayer.DriverFactory.setDriver(DriverFactory.java:20)
	at BaseLayer.BaseClass.initialization(BaseClass.java:12)
	at stepDefinitions.LoginPageSteps.user_open_application_in_browser(LoginPageSteps.java:20)
	at ✽.user open application in "edge" browser(file:///C:/Users/Admin/EclipseWorkspace/Cogmento/Cogmento/src/test/java/featureFiles/TC_001_ContactPageCogmentoCRM.feature:4)
</textarea>
		</li>
		<li test-id='4' class='node * Fail' status='Fail'>
			<div class="step-name" title="(AFTER_STEP)"><span class='status fail' title='Fail'><i class='material-icons'>cancel</i></span>stepDefinitions.LoginPageSteps.screenshot(io.cucumber.java.Scenario)</div>


					<textarea disabled class="code-block">java.lang.NullPointerException: Cannot invoke "org.openqa.selenium.TakesScreenshot.getScreenshotAs(org.openqa.selenium.OutputType)" because "ts" is null
	at stepDefinitions.LoginPageSteps.screenshot(LoginPageSteps.java:43)
</textarea>
		</li>
		<li test-id='5' class='node when Skip' status='Skip'>
			<div class="step-name" title="(stepDefinitions.LoginPageSteps.user_enter_valid_username_and_password())"><span class='status skip' title='Skip'><i class='material-icons'>redo</i></span>When user enter valid username and password</div>


					<div class="node-step">Step skipped</div>
		</li>
		<li test-id='7' class='node then Skip' status='Skip'>
			<div class="step-name" title="(stepDefinitions.LoginPageSteps.user_click_on_login_button())"><span class='status skip' title='Skip'><i class='material-icons'>redo</i></span>Then user click on login button</div>


					<div class="node-step">Step skipped</div>
		</li>
	</ul>
</div>
<div class='scenario node' test-id='9' status='fail'>

	<span class='duration right label'>00 00 07.066</span>
	<div class="bdd-test">
		<div class="scenario-name"><span class='status fail' title='Fail'><i class='material-icons'>cancel</i></span> Scenario: validate Home Page functionality</div>
	</div>
	
	
	
	<ul class='steps'>
		<li test-id='10' class='node then Fail' status='Fail'>
			<div class="step-name" title="(stepDefinitions.HomePageStep.validate_home_page_logo())"><span class='status fail' title='Fail'><i class='material-icons'>cancel</i></span>Then validate home page logo</div>


					<textarea disabled class="code-block">java.lang.NullPointerException: Cannot invoke "org.openqa.selenium.SearchContext.findElement(org.openqa.selenium.By)" because "this.searchContext" is null
	at org.openqa.selenium.support.pagefactory.DefaultElementLocator.findElement(DefaultElementLocator.java:68)
	at org.openqa.selenium.support.pagefactory.internal.LocatingElementHandler.invoke(LocatingElementHandler.java:38)
	at jdk.proxy2/jdk.proxy2.$Proxy20.isDisplayed(Unknown Source)
	at PageLayer.HomePage.validateHomePageLogo(HomePage.java:30)
	at stepDefinitions.HomePageStep.validate_home_page_logo(HomePageStep.java:19)
	at ✽.validate home page logo(file:///C:/Users/Admin/EclipseWorkspace/Cogmento/Cogmento/src/test/java/featureFiles/TC_001_ContactPageCogmentoCRM.feature:9)
</textarea>
		</li>
		<li test-id='11' class='node * Fail' status='Fail'>
			<div class="step-name" title="(AFTER_STEP)"><span class='status fail' title='Fail'><i class='material-icons'>cancel</i></span>stepDefinitions.LoginPageSteps.screenshot(io.cucumber.java.Scenario)</div>


					<textarea disabled class="code-block">java.lang.NullPointerException: Cannot invoke "org.openqa.selenium.TakesScreenshot.getScreenshotAs(org.openqa.selenium.OutputType)" because "ts" is null
	at stepDefinitions.LoginPageSteps.screenshot(LoginPageSteps.java:43)
</textarea>
		</li>
		<li test-id='12' class='node and Skip' status='Skip'>
			<div class="step-name" title="(stepDefinitions.HomePageStep.validate_home_page_header())"><span class='status skip' title='Skip'><i class='material-icons'>redo</i></span>And validate home page header</div>


					<div class="node-step">Step skipped</div>
		</li>
	</ul>
</div>
<div class='scenario node' test-id='14' status='fail'>

	<span class='duration right label'>00 00 03.041</span>
	<div class="bdd-test">
		<div class="scenario-name"><span class='status fail' title='Fail'><i class='material-icons'>cancel</i></span> Scenario: validate Create Contact and Delete Contact functionality</div>
	</div>
	
	
	
	<ul class='steps'>
		<li test-id='15' class='node when Fail' status='Fail'>
			<div class="step-name" title="(stepDefinitions.ContactPageSteps.user_click_on_contact_link())"><span class='status fail' title='Fail'><i class='material-icons'>cancel</i></span>When user click on contact link</div>


					<textarea disabled class="code-block">java.lang.NullPointerException: Cannot invoke "org.openqa.selenium.SearchContext.findElement(org.openqa.selenium.By)" because "this.searchContext" is null
	at org.openqa.selenium.support.pagefactory.DefaultElementLocator.findElement(DefaultElementLocator.java:68)
	at org.openqa.selenium.support.pagefactory.internal.LocatingElementHandler.invoke(LocatingElementHandler.java:38)
	at jdk.proxy2/jdk.proxy2.$Proxy20.click(Unknown Source)
	at PageLayer.ContactPage.userClickOnContactLink(ContactPage.java:71)
	at stepDefinitions.ContactPageSteps.user_click_on_contact_link(ContactPageSteps.java:17)
	at ✽.user click on contact link(file:///C:/Users/Admin/EclipseWorkspace/Cogmento/Cogmento/src/test/java/featureFiles/TC_001_ContactPageCogmentoCRM.feature:13)
</textarea>
		</li>
		<li test-id='16' class='node * Fail' status='Fail'>
			<div class="step-name" title="(AFTER_STEP)"><span class='status fail' title='Fail'><i class='material-icons'>cancel</i></span>stepDefinitions.LoginPageSteps.screenshot(io.cucumber.java.Scenario)</div>


					<textarea disabled class="code-block">java.lang.NullPointerException: Cannot invoke "org.openqa.selenium.TakesScreenshot.getScreenshotAs(org.openqa.selenium.OutputType)" because "ts" is null
	at stepDefinitions.LoginPageSteps.screenshot(LoginPageSteps.java:43)
</textarea>
		</li>
		<li test-id='17' class='node then Skip' status='Skip'>
			<div class="step-name" title="(stepDefinitions.ContactPageSteps.verify_user_on_contact_page())"><span class='status skip' title='Skip'><i class='material-icons'>redo</i></span>Then verify user on contact page</div>


					<div class="node-step">Step skipped</div>
		</li>
		<li test-id='19' class='node then Skip' status='Skip'>
			<div class="step-name" title="(stepDefinitions.ContactPageSteps.user_click_on_create_button())"><span class='status skip' title='Skip'><i class='material-icons'>redo</i></span>Then user click on create button</div>


					<div class="node-step">Step skipped</div>
		</li>
		<li test-id='21' class='node and Skip' status='Skip'>
			<div class="step-name" title="(stepDefinitions.ContactPageSteps.user_enter_first_name_and_last_name_and_email())"><span class='status skip' title='Skip'><i class='material-icons'>redo</i></span>And user enter first name and last name and email</div>


					<div class="node-step">Step skipped</div>
		</li>
		<li test-id='23' class='node and Skip' status='Skip'>
			<div class="step-name" title="(stepDefinitions.ContactPageSteps.user_enter_description_and_select_status())"><span class='status skip' title='Skip'><i class='material-icons'>redo</i></span>And user enter description and select status</div>


					<div class="node-step">Step skipped</div>
		</li>
		<li test-id='25' class='node and Skip' status='Skip'>
			<div class="step-name" title="(stepDefinitions.ContactPageSteps.user_enter_address_and_city_and_country_and_pincode())"><span class='status skip' title='Skip'><i class='material-icons'>redo</i></span>And user enter address and city and country and pincode</div>


					<div class="node-step">Step skipped</div>
		</li>
		<li test-id='27' class='node and Skip' status='Skip'>
			<div class="step-name" title="(stepDefinitions.ContactPageSteps.user_click_on_save_button())"><span class='status skip' title='Skip'><i class='material-icons'>redo</i></span>And user click on save button</div>


					<div class="node-step">Step skipped</div>
		</li>
		<li test-id='29' class='node and Skip' status='Skip'>
			<div class="step-name" title="(stepDefinitions.ContactPageSteps.user_click_on_delete_button_and_confirm_delete_button())"><span class='status skip' title='Skip'><i class='material-icons'>redo</i></span>And user click on delete button and confirm delete button</div>


					<div class="node-step">Step skipped</div>
		</li>
	</ul>
</div>
<div class='scenario node' test-id='31' status='fail'>

	<span class='duration right label'>00 00 03.017</span>
	<div class="bdd-test">
		<div class="scenario-name"><span class='status fail' title='Fail'><i class='material-icons'>cancel</i></span> Scenario: validate logout functionality</div>
	</div>
	
	
	
	<ul class='steps'>
		<li test-id='32' class='node when Fail' status='Fail'>
			<div class="step-name" title="(stepDefinitions.HomePageStep.user_click_on_profile_icon())"><span class='status fail' title='Fail'><i class='material-icons'>cancel</i></span>When user click on profile icon</div>


					<textarea disabled class="code-block">java.lang.NullPointerException: Cannot invoke "org.openqa.selenium.SearchContext.findElement(org.openqa.selenium.By)" because "this.searchContext" is null
	at org.openqa.selenium.support.pagefactory.DefaultElementLocator.findElement(DefaultElementLocator.java:68)
	at org.openqa.selenium.support.pagefactory.internal.LocatingElementHandler.invoke(LocatingElementHandler.java:38)
	at jdk.proxy2/jdk.proxy2.$Proxy20.click(Unknown Source)
	at PageLayer.HomePage.userClickOnProfileIcon(HomePage.java:40)
	at stepDefinitions.HomePageStep.user_click_on_profile_icon(HomePageStep.java:35)
	at ✽.user click on profile icon(file:///C:/Users/Admin/EclipseWorkspace/Cogmento/Cogmento/src/test/java/featureFiles/TC_001_ContactPageCogmentoCRM.feature:23)
</textarea>
		</li>
		<li test-id='33' class='node * Fail' status='Fail'>
			<div class="step-name" title="(AFTER_STEP)"><span class='status fail' title='Fail'><i class='material-icons'>cancel</i></span>stepDefinitions.LoginPageSteps.screenshot(io.cucumber.java.Scenario)</div>


					<textarea disabled class="code-block">java.lang.NullPointerException: Cannot invoke "org.openqa.selenium.TakesScreenshot.getScreenshotAs(org.openqa.selenium.OutputType)" because "ts" is null
	at stepDefinitions.LoginPageSteps.screenshot(LoginPageSteps.java:43)
</textarea>
		</li>
		<li test-id='34' class='node and Skip' status='Skip'>
			<div class="step-name" title="(stepDefinitions.HomePageStep.user_click_on_logout_button())"><span class='status skip' title='Skip'><i class='material-icons'>redo</i></span>And user click on logout button</div>


					<div class="node-step">Step skipped</div>
		</li>
	</ul>
</div>
<div class='scenario node' test-id='36' status='fail'>

	<span class='duration right label'>00 00 05.793</span>
	<div class="bdd-test">
		<div class="scenario-name"><span class='status fail' title='Fail'><i class='material-icons'>cancel</i></span> Scenario: Validate login functionality</div>
	</div>
	
	
	
	<ul class='steps'>
		<li test-id='37' class='node given Fail' status='Fail'>
			<div class="step-name" title="(stepDefinitions.LoginPageSteps.user_open_application_in_browser(java.lang.String))"><span class='status fail' title='Fail'><i class='material-icons'>cancel</i></span>Given user open application in "edge" browser</div>


					<textarea disabled class="code-block">org.openqa.selenium.SessionNotCreatedException: Could not start a new session. Response code 500. Message: session not created: This version of Microsoft Edge WebDriver only supports Microsoft Edge version 137
Current browser version is 142.0.3595.53 with binary path C:\Program Files (x86)\Microsoft\Edge\Application\msedge.exe 
Host info: host: 'DESKTOP-IJMBLR8', ip: '192.168.31.13'
Build info: version: '4.27.0', revision: 'd6e718d134'
System info: os.name: 'Windows 11', os.arch: 'amd64', os.version: '10.0', java.version: '17.0.4.1'
Driver info: org.openqa.selenium.edge.EdgeDriver
Command: [null, newSession {capabilities=[Capabilities {browserName: MicrosoftEdge, ms:edgeOptions: {args: [], binary: C:\Program Files (x86)\Micr..., extensions: []}}]}]
	at org.openqa.selenium.remote.ProtocolHandshake.createSession(ProtocolHandshake.java:114)
	at org.openqa.selenium.remote.ProtocolHandshake.createSession(ProtocolHandshake.java:75)
	at org.openqa.selenium.remote.ProtocolHandshake.createSession(ProtocolHandshake.java:61)
	at org.openqa.selenium.remote.HttpCommandExecutor.execute(HttpCommandExecutor.java:162)
	at org.openqa.selenium.remote.service.DriverCommandExecutor.invokeExecute(DriverCommandExecutor.java:216)
	at org.openqa.selenium.remote.service.DriverCommandExecutor.execute(DriverCommandExecutor.java:174)
	at org.openqa.selenium.remote.RemoteWebDriver.execute(RemoteWebDriver.java:545)
	at org.openqa.selenium.remote.RemoteWebDriver.startSession(RemoteWebDriver.java:245)
	at org.openqa.selenium.remote.RemoteWebDriver.<init>(RemoteWebDriver.java:174)
	at org.openqa.selenium.chromium.ChromiumDriver.<init>(ChromiumDriver.java:114)
	at org.openqa.selenium.edge.EdgeDriver.<init>(EdgeDriver.java:60)
	at org.openqa.selenium.edge.EdgeDriver.<init>(EdgeDriver.java:56)
	at org.openqa.selenium.edge.EdgeDriver.<init>(EdgeDriver.java:48)
	at org.openqa.selenium.edge.EdgeDriver.<init>(EdgeDriver.java:44)
	at UtilityLayer.DriverFactory.setDriver(DriverFactory.java:20)
	at BaseLayer.BaseClass.initialization(BaseClass.java:12)
	at stepDefinitions.LoginPageSteps.user_open_application_in_browser(LoginPageSteps.java:20)
	at ✽.user open application in "edge" browser(file:///C:/Users/Admin/EclipseWorkspace/Cogmento/Cogmento/src/test/java/featureFiles/TC_002_DealsPageCogmentoCRM.feature:4)
</textarea>
		</li>
		<li test-id='38' class='node * Fail' status='Fail'>
			<div class="step-name" title="(AFTER_STEP)"><span class='status fail' title='Fail'><i class='material-icons'>cancel</i></span>stepDefinitions.LoginPageSteps.screenshot(io.cucumber.java.Scenario)</div>


					<textarea disabled class="code-block">java.lang.NullPointerException: Cannot invoke "org.openqa.selenium.TakesScreenshot.getScreenshotAs(org.openqa.selenium.OutputType)" because "ts" is null
	at stepDefinitions.LoginPageSteps.screenshot(LoginPageSteps.java:43)
</textarea>
		</li>
		<li test-id='39' class='node when Skip' status='Skip'>
			<div class="step-name" title="(stepDefinitions.LoginPageSteps.user_enter_valid_username_and_password())"><span class='status skip' title='Skip'><i class='material-icons'>redo</i></span>When user enter valid username and password</div>


					<div class="node-step">Step skipped</div>
		</li>
		<li test-id='41' class='node then Skip' status='Skip'>
			<div class="step-name" title="(stepDefinitions.LoginPageSteps.user_click_on_login_button())"><span class='status skip' title='Skip'><i class='material-icons'>redo</i></span>Then user click on login button</div>


					<div class="node-step">Step skipped</div>
		</li>
	</ul>
</div>
<div class='scenario node' test-id='43' status='fail'>

	<span class='duration right label'>00 00 07.025</span>
	<div class="bdd-test">
		<div class="scenario-name"><span class='status fail' title='Fail'><i class='material-icons'>cancel</i></span> Scenario: validate Home Page functionality</div>
	</div>
	
	
	
	<ul class='steps'>
		<li test-id='44' class='node then Fail' status='Fail'>
			<div class="step-name" title="(stepDefinitions.HomePageStep.validate_home_page_logo())"><span class='status fail' title='Fail'><i class='material-icons'>cancel</i></span>Then validate home page logo</div>


					<textarea disabled class="code-block">java.lang.NullPointerException: Cannot invoke "org.openqa.selenium.SearchContext.findElement(org.openqa.selenium.By)" because "this.searchContext" is null
	at org.openqa.selenium.support.pagefactory.DefaultElementLocator.findElement(DefaultElementLocator.java:68)
	at org.openqa.selenium.support.pagefactory.internal.LocatingElementHandler.invoke(LocatingElementHandler.java:38)
	at jdk.proxy2/jdk.proxy2.$Proxy20.isDisplayed(Unknown Source)
	at PageLayer.HomePage.validateHomePageLogo(HomePage.java:30)
	at stepDefinitions.HomePageStep.validate_home_page_logo(HomePageStep.java:19)
	at ✽.validate home page logo(file:///C:/Users/Admin/EclipseWorkspace/Cogmento/Cogmento/src/test/java/featureFiles/TC_002_DealsPageCogmentoCRM.feature:9)
</textarea>
		</li>
		<li test-id='45' class='node * Fail' status='Fail'>
			<div class="step-name" title="(AFTER_STEP)"><span class='status fail' title='Fail'><i class='material-icons'>cancel</i></span>stepDefinitions.LoginPageSteps.screenshot(io.cucumber.java.Scenario)</div>


					<textarea disabled class="code-block">java.lang.NullPointerException: Cannot invoke "org.openqa.selenium.TakesScreenshot.getScreenshotAs(org.openqa.selenium.OutputType)" because "ts" is null
	at stepDefinitions.LoginPageSteps.screenshot(LoginPageSteps.java:43)
</textarea>
		</li>
		<li test-id='46' class='node and Skip' status='Skip'>
			<div class="step-name" title="(stepDefinitions.HomePageStep.validate_home_page_header())"><span class='status skip' title='Skip'><i class='material-icons'>redo</i></span>And validate home page header</div>


					<div class="node-step">Step skipped</div>
		</li>
	</ul>
</div>
<div class='scenario node' test-id='48' status='fail'>

	<span class='duration right label'>00 00 03.026</span>
	<div class="bdd-test">
		<div class="scenario-name"><span class='status fail' title='Fail'><i class='material-icons'>cancel</i></span> Scenario: validate Create deals and Delete deals functionality</div>
	</div>
	
	
	
	<ul class='steps'>
		<li test-id='49' class='node when Fail' status='Fail'>
			<div class="step-name" title="(stepDefinitions.DealsPageSteps.user_click_on_deals_link())"><span class='status fail' title='Fail'><i class='material-icons'>cancel</i></span>When user click on deals link</div>


					<textarea disabled class="code-block">java.lang.NullPointerException: Cannot invoke "org.openqa.selenium.SearchContext.findElement(org.openqa.selenium.By)" because "this.searchContext" is null
	at org.openqa.selenium.support.pagefactory.DefaultElementLocator.findElement(DefaultElementLocator.java:68)
	at org.openqa.selenium.support.pagefactory.internal.LocatingElementHandler.invoke(LocatingElementHandler.java:38)
	at jdk.proxy2/jdk.proxy2.$Proxy20.click(Unknown Source)
	at PageLayer.DealsPage.user_click_on_deals_link(DealsPage.java:44)
	at stepDefinitions.DealsPageSteps.user_click_on_deals_link(DealsPageSteps.java:16)
	at ✽.user click on deals link(file:///C:/Users/Admin/EclipseWorkspace/Cogmento/Cogmento/src/test/java/featureFiles/TC_002_DealsPageCogmentoCRM.feature:13)
</textarea>
		</li>
		<li test-id='50' class='node * Fail' status='Fail'>
			<div class="step-name" title="(AFTER_STEP)"><span class='status fail' title='Fail'><i class='material-icons'>cancel</i></span>stepDefinitions.LoginPageSteps.screenshot(io.cucumber.java.Scenario)</div>


					<textarea disabled class="code-block">java.lang.NullPointerException: Cannot invoke "org.openqa.selenium.TakesScreenshot.getScreenshotAs(org.openqa.selenium.OutputType)" because "ts" is null
	at stepDefinitions.LoginPageSteps.screenshot(LoginPageSteps.java:43)
</textarea>
		</li>
		<li test-id='51' class='node then Skip' status='Skip'>
			<div class="step-name" title="(stepDefinitions.DealsPageSteps.verify_user_on_deals_page())"><span class='status skip' title='Skip'><i class='material-icons'>redo</i></span>Then verify user on deals page</div>


					<div class="node-step">Step skipped</div>
		</li>
		<li test-id='53' class='node then Skip' status='Skip'>
			<div class="step-name" title="(stepDefinitions.DealsPageSteps.user_click_on_create_button_in_deals_page())"><span class='status skip' title='Skip'><i class='material-icons'>redo</i></span>Then user click on create button in deals page</div>


					<div class="node-step">Step skipped</div>
		</li>
		<li test-id='55' class='node and Skip' status='Skip'>
			<div class="step-name" title="(stepDefinitions.DealsPageSteps.user_enter_title_in_deals_page())"><span class='status skip' title='Skip'><i class='material-icons'>redo</i></span>And user enter title in deals page</div>


					<div class="node-step">Step skipped</div>
		</li>
		<li test-id='57' class='node and Skip' status='Skip'>
			<div class="step-name" title="(stepDefinitions.DealsPageSteps.user_enter_description_in_deals_page())"><span class='status skip' title='Skip'><i class='material-icons'>redo</i></span>And user enter description in deals page</div>


					<div class="node-step">Step skipped</div>
		</li>
		<li test-id='59' class='node and Skip' status='Skip'>
			<div class="step-name" title="(stepDefinitions.DealsPageSteps.user_click_on_save_button_in_deals_page())"><span class='status skip' title='Skip'><i class='material-icons'>redo</i></span>And user click on save button in deals page</div>


					<div class="node-step">Step skipped</div>
		</li>
		<li test-id='61' class='node and Skip' status='Skip'>
			<div class="step-name" title="(stepDefinitions.DealsPageSteps.user_click_on_delete_button_and_confirm_delete_button_in_deals_page())"><span class='status skip' title='Skip'><i class='material-icons'>redo</i></span>And user click on delete button and confirm delete button in deals  page</div>


					<div class="node-step">Step skipped</div>
		</li>
	</ul>
</div>
<div class='scenario node' test-id='63' status='fail'>

	<span class='duration right label'>00 00 03.014</span>
	<div class="bdd-test">
		<div class="scenario-name"><span class='status fail' title='Fail'><i class='material-icons'>cancel</i></span> Scenario: validate logout functionality</div>
	</div>
	
	
	
	<ul class='steps'>
		<li test-id='64' class='node when Fail' status='Fail'>
			<div class="step-name" title="(stepDefinitions.HomePageStep.user_click_on_profile_icon())"><span class='status fail' title='Fail'><i class='material-icons'>cancel</i></span>When user click on profile icon</div>


					<textarea disabled class="code-block">java.lang.NullPointerException: Cannot invoke "org.openqa.selenium.SearchContext.findElement(org.openqa.selenium.By)" because "this.searchContext" is null
	at org.openqa.selenium.support.pagefactory.DefaultElementLocator.findElement(DefaultElementLocator.java:68)
	at org.openqa.selenium.support.pagefactory.internal.LocatingElementHandler.invoke(LocatingElementHandler.java:38)
	at jdk.proxy2/jdk.proxy2.$Proxy20.click(Unknown Source)
	at PageLayer.HomePage.userClickOnProfileIcon(HomePage.java:40)
	at stepDefinitions.HomePageStep.user_click_on_profile_icon(HomePageStep.java:35)
	at ✽.user click on profile icon(file:///C:/Users/Admin/EclipseWorkspace/Cogmento/Cogmento/src/test/java/featureFiles/TC_002_DealsPageCogmentoCRM.feature:22)
</textarea>
		</li>
		<li test-id='65' class='node * Fail' status='Fail'>
			<div class="step-name" title="(AFTER_STEP)"><span class='status fail' title='Fail'><i class='material-icons'>cancel</i></span>stepDefinitions.LoginPageSteps.screenshot(io.cucumber.java.Scenario)</div>


					<textarea disabled class="code-block">java.lang.NullPointerException: Cannot invoke "org.openqa.selenium.TakesScreenshot.getScreenshotAs(org.openqa.selenium.OutputType)" because "ts" is null
	at stepDefinitions.LoginPageSteps.screenshot(LoginPageSteps.java:43)
</textarea>
		</li>
		<li test-id='66' class='node and Skip' status='Skip'>
			<div class="step-name" title="(stepDefinitions.HomePageStep.user_click_on_logout_button())"><span class='status skip' title='Skip'><i class='material-icons'>redo</i></span>And user click on logout button</div>


					<div class="node-step">Step skipped</div>
		</li>
	</ul>
</div>
					</div>
				</li>
			</ul>
		</div>
	</div>
	
	
	<!-- subview left -->
	<div class='subview-right left'>
		<div class='view-summary'>
			<div id='step-filters' class="right sr-filters">
				<a class="btn-floating waves-effect waves-light green" status="pass" alt="pass" title="pass"><i class="material-icons">check_circle</i></a>
				<a class="btn-floating waves-effect waves-light red" status="fail" alt="fail" title="fail"><i class="material-icons">cancel</i></a>
				<a class="btn-floating waves-effect waves-light red darken-4" status="fatal" alt="fatal" title="fatal"><i class="material-icons">cancel</i></a>
				<a class="btn-floating waves-effect waves-light pink text-lighten-1" status="error" alt="error" title="error"><i class="material-icons">error</i></a>
				<a class="btn-floating waves-effect waves-light orange" alt="warning" status="warning" title="warning"><i class="material-icons">warning</i></a>
				<a class="btn-floating waves-effect waves-light teal" status="skip" alt="skip" title="skip"><i class="material-icons">redo</i></a>
				<a class="btn-floating waves-effect waves-light grey" status="clear" alt="Clear filters" title="Clear filters"><i class="material-icons">clear</i></a>
			</div>
			<h5 class='test-name'></h5>
		</div>
	</div>
	<!-- subview right -->
</div>
<!-- test view --><div id='exception-view' class='view hide'>
	<section id='controls'>
		<div class='controls grey lighten-4'>
			<!-- search -->
			<div class='chip transparent' alt='Search Tests' title='Search Tests'>
				<a href="#" class='search-div'>
				<i class='material-icons'>search</i> Search
				</a>
				<div class='input-field left hide'>
					<input id='search-tests' type='text' class='validate browser-default' placeholder='Search Tests...'>
				</div>
			</div>
			<!-- search -->
		</div>
	</section>
	<div class='subview-left left'>
		<div class='view-summary'>
			<ul id='exception-collection' class='exception-collection'>
				<li class='exception displayed active'>
					<div class='exception-heading'>
						<span class='exception-name'>org.openqa.selenium.SessionNotCreatedException</span>
						<span class='exception-count right'><span class='label red lighten-1 white-text'>2</span></span>
					</div>
					<div class='exception-content hide'>
						<div class='exception-tests'>
							<table class='bordered table-results'>
								<thead>
									<tr>
										<th>Timestamp</th>
										<th>TestName</th>
										<th>StackTrace</th>
									</tr>
								</thead>
								<tbody>
									<tr>
										<td>Nov 6, 2025 06:15:48 pm</td>
										<td class='linked' test-id='3'>Given user open application in "edge" browser</td>
										<td>
											<textarea disabled class="code-block">org.openqa.selenium.SessionNotCreatedException: Could not start a new session. Response code 500. Message: session not created: This version of Microsoft Edge WebDriver only supports Microsoft Edge version 137
Current browser version is 142.0.3595.53 with binary path C:\Program Files (x86)\Microsoft\Edge\Application\msedge.exe 
Host info: host: 'DESKTOP-IJMBLR8', ip: '192.168.31.13'
Build info: version: '4.27.0', revision: 'd6e718d134'
System info: os.name: 'Windows 11', os.arch: 'amd64', os.version: '10.0', java.version: '17.0.4.1'
Driver info: org.openqa.selenium.edge.EdgeDriver
Command: [null, newSession {capabilities=[Capabilities {browserName: MicrosoftEdge, ms:edgeOptions: {args: [], binary: C:\Program Files (x86)\Micr..., extensions: []}}]}]
	at org.openqa.selenium.remote.ProtocolHandshake.createSession(ProtocolHandshake.java:114)
	at org.openqa.selenium.remote.ProtocolHandshake.createSession(ProtocolHandshake.java:75)
	at org.openqa.selenium.remote.ProtocolHandshake.createSession(ProtocolHandshake.java:61)
	at org.openqa.selenium.remote.HttpCommandExecutor.execute(HttpCommandExecutor.java:162)
	at org.openqa.selenium.remote.service.DriverCommandExecutor.invokeExecute(DriverCommandExecutor.java:216)
	at org.openqa.selenium.remote.service.DriverCommandExecutor.execute(DriverCommandExecutor.java:174)
	at org.openqa.selenium.remote.RemoteWebDriver.execute(RemoteWebDriver.java:545)
	at org.openqa.selenium.remote.RemoteWebDriver.startSession(RemoteWebDriver.java:245)
	at org.openqa.selenium.remote.RemoteWebDriver.<init>(RemoteWebDriver.java:174)
	at org.openqa.selenium.chromium.ChromiumDriver.<init>(ChromiumDriver.java:114)
	at org.openqa.selenium.edge.EdgeDriver.<init>(EdgeDriver.java:60)
	at org.openqa.selenium.edge.EdgeDriver.<init>(EdgeDriver.java:56)
	at org.openqa.selenium.edge.EdgeDriver.<init>(EdgeDriver.java:48)
	at org.openqa.selenium.edge.EdgeDriver.<init>(EdgeDriver.java:44)
	at UtilityLayer.DriverFactory.setDriver(DriverFactory.java:20)
	at BaseLayer.BaseClass.initialization(BaseClass.java:12)
	at stepDefinitions.LoginPageSteps.user_open_application_in_browser(LoginPageSteps.java:20)
	at ✽.user open application in "edge" browser(file:///C:/Users/Admin/EclipseWorkspace/Cogmento/Cogmento/src/test/java/featureFiles/TC_001_ContactPageCogmentoCRM.feature:4)
</textarea>
										</td>
									</tr>
									<tr>
										<td>Nov 6, 2025 06:16:08 pm</td>
										<td class='linked' test-id='37'>Given user open application in "edge" browser</td>
										<td>
											<textarea disabled class="code-block">org.openqa.selenium.SessionNotCreatedException: Could not start a new session. Response code 500. Message: session not created: This version of Microsoft Edge WebDriver only supports Microsoft Edge version 137
Current browser version is 142.0.3595.53 with binary path C:\Program Files (x86)\Microsoft\Edge\Application\msedge.exe 
Host info: host: 'DESKTOP-IJMBLR8', ip: '192.168.31.13'
Build info: version: '4.27.0', revision: 'd6e718d134'
System info: os.name: 'Windows 11', os.arch: 'amd64', os.version: '10.0', java.version: '17.0.4.1'
Driver info: org.openqa.selenium.edge.EdgeDriver
Command: [null, newSession {capabilities=[Capabilities {browserName: MicrosoftEdge, ms:edgeOptions: {args: [], binary: C:\Program Files (x86)\Micr..., extensions: []}}]}]
	at org.openqa.selenium.remote.ProtocolHandshake.createSession(ProtocolHandshake.java:114)
	at org.openqa.selenium.remote.ProtocolHandshake.createSession(ProtocolHandshake.java:75)
	at org.openqa.selenium.remote.ProtocolHandshake.createSession(ProtocolHandshake.java:61)
	at org.openqa.selenium.remote.HttpCommandExecutor.execute(HttpCommandExecutor.java:162)
	at org.openqa.selenium.remote.service.DriverCommandExecutor.invokeExecute(DriverCommandExecutor.java:216)
	at org.openqa.selenium.remote.service.DriverCommandExecutor.execute(DriverCommandExecutor.java:174)
	at org.openqa.selenium.remote.RemoteWebDriver.execute(RemoteWebDriver.java:545)
	at org.openqa.selenium.remote.RemoteWebDriver.startSession(RemoteWebDriver.java:245)
	at org.openqa.selenium.remote.RemoteWebDriver.<init>(RemoteWebDriver.java:174)
	at org.openqa.selenium.chromium.ChromiumDriver.<init>(ChromiumDriver.java:114)
	at org.openqa.selenium.edge.EdgeDriver.<init>(EdgeDriver.java:60)
	at org.openqa.selenium.edge.EdgeDriver.<init>(EdgeDriver.java:56)
	at org.openqa.selenium.edge.EdgeDriver.<init>(EdgeDriver.java:48)
	at org.openqa.selenium.edge.EdgeDriver.<init>(EdgeDriver.java:44)
	at UtilityLayer.DriverFactory.setDriver(DriverFactory.java:20)
	at BaseLayer.BaseClass.initialization(BaseClass.java:12)
	at stepDefinitions.LoginPageSteps.user_open_application_in_browser(LoginPageSteps.java:20)
	at ✽.user open application in "edge" browser(file:///C:/Users/Admin/EclipseWorkspace/Cogmento/Cogmento/src/test/java/featureFiles/TC_001_ContactPageCogmentoCRM.feature:4)
</textarea>
										</td>
									</tr>
								</tbody>
							</table>
						</div>
					</div>
				</li>
				<li class='exception displayed active'>
					<div class='exception-heading'>
						<span class='exception-name'>java.lang.NullPointerException</span>
						<span class='exception-count right'><span class='label red lighten-1 white-text'>14</span></span>
					</div>
					<div class='exception-content hide'>
						<div class='exception-tests'>
							<table class='bordered table-results'>
								<thead>
									<tr>
										<th>Timestamp</th>
										<th>TestName</th>
										<th>StackTrace</th>
									</tr>
								</thead>
								<tbody>
									<tr>
										<td>Nov 6, 2025 06:15:52 pm</td>
										<td class='linked' test-id='4'>stepDefinitions.LoginPageSteps.screenshot(io.cucumber.java.Scenario)</td>
										<td>
											<textarea disabled class="code-block">java.lang.NullPointerException: Cannot invoke "org.openqa.selenium.TakesScreenshot.getScreenshotAs(org.openqa.selenium.OutputType)" because "ts" is null
	at stepDefinitions.LoginPageSteps.screenshot(LoginPageSteps.java:43)
</textarea>
										</td>
									</tr>
									<tr>
										<td>Nov 6, 2025 06:15:55 pm</td>
										<td class='linked' test-id='10'>Then validate home page logo</td>
										<td>
											<textarea disabled class="code-block">java.lang.NullPointerException: Cannot invoke "org.openqa.selenium.TakesScreenshot.getScreenshotAs(org.openqa.selenium.OutputType)" because "ts" is null
	at stepDefinitions.LoginPageSteps.screenshot(LoginPageSteps.java:43)
</textarea>
										</td>
									</tr>
									<tr>
										<td>Nov 6, 2025 06:15:59 pm</td>
										<td class='linked' test-id='11'>stepDefinitions.LoginPageSteps.screenshot(io.cucumber.java.Scenario)</td>
										<td>
											<textarea disabled class="code-block">java.lang.NullPointerException: Cannot invoke "org.openqa.selenium.TakesScreenshot.getScreenshotAs(org.openqa.selenium.OutputType)" because "ts" is null
	at stepDefinitions.LoginPageSteps.screenshot(LoginPageSteps.java:43)
</textarea>
										</td>
									</tr>
									<tr>
										<td>Nov 6, 2025 06:16:02 pm</td>
										<td class='linked' test-id='15'>When user click on contact link</td>
										<td>
											<textarea disabled class="code-block">java.lang.NullPointerException: Cannot invoke "org.openqa.selenium.TakesScreenshot.getScreenshotAs(org.openqa.selenium.OutputType)" because "ts" is null
	at stepDefinitions.LoginPageSteps.screenshot(LoginPageSteps.java:43)
</textarea>
										</td>
									</tr>
									<tr>
										<td>Nov 6, 2025 06:16:02 pm</td>
										<td class='linked' test-id='16'>stepDefinitions.LoginPageSteps.screenshot(io.cucumber.java.Scenario)</td>
										<td>
											<textarea disabled class="code-block">java.lang.NullPointerException: Cannot invoke "org.openqa.selenium.TakesScreenshot.getScreenshotAs(org.openqa.selenium.OutputType)" because "ts" is null
	at stepDefinitions.LoginPageSteps.screenshot(LoginPageSteps.java:43)
</textarea>
										</td>
									</tr>
									<tr>
										<td>Nov 6, 2025 06:16:05 pm</td>
										<td class='linked' test-id='32'>When user click on profile icon</td>
										<td>
											<textarea disabled class="code-block">java.lang.NullPointerException: Cannot invoke "org.openqa.selenium.TakesScreenshot.getScreenshotAs(org.openqa.selenium.OutputType)" because "ts" is null
	at stepDefinitions.LoginPageSteps.screenshot(LoginPageSteps.java:43)
</textarea>
										</td>
									</tr>
									<tr>
										<td>Nov 6, 2025 06:16:05 pm</td>
										<td class='linked' test-id='33'>stepDefinitions.LoginPageSteps.screenshot(io.cucumber.java.Scenario)</td>
										<td>
											<textarea disabled class="code-block">java.lang.NullPointerException: Cannot invoke "org.openqa.selenium.TakesScreenshot.getScreenshotAs(org.openqa.selenium.OutputType)" because "ts" is null
	at stepDefinitions.LoginPageSteps.screenshot(LoginPageSteps.java:43)
</textarea>
										</td>
									</tr>
									<tr>
										<td>Nov 6, 2025 06:16:11 pm</td>
										<td class='linked' test-id='38'>stepDefinitions.LoginPageSteps.screenshot(io.cucumber.java.Scenario)</td>
										<td>
											<textarea disabled class="code-block">java.lang.NullPointerException: Cannot invoke "org.openqa.selenium.TakesScreenshot.getScreenshotAs(org.openqa.selenium.OutputType)" because "ts" is null
	at stepDefinitions.LoginPageSteps.screenshot(LoginPageSteps.java:43)
</textarea>
										</td>
									</tr>
									<tr>
										<td>Nov 6, 2025 06:16:14 pm</td>
										<td class='linked' test-id='44'>Then validate home page logo</td>
										<td>
											<textarea disabled class="code-block">java.lang.NullPointerException: Cannot invoke "org.openqa.selenium.TakesScreenshot.getScreenshotAs(org.openqa.selenium.OutputType)" because "ts" is null
	at stepDefinitions.LoginPageSteps.screenshot(LoginPageSteps.java:43)
</textarea>
										</td>
									</tr>
									<tr>
										<td>Nov 6, 2025 06:16:18 pm</td>
										<td class='linked' test-id='45'>stepDefinitions.LoginPageSteps.screenshot(io.cucumber.java.Scenario)</td>
										<td>
											<textarea disabled class="code-block">java.lang.NullPointerException: Cannot invoke "org.openqa.selenium.TakesScreenshot.getScreenshotAs(org.openqa.selenium.OutputType)" because "ts" is null
	at stepDefinitions.LoginPageSteps.screenshot(LoginPageSteps.java:43)
</textarea>
										</td>
									</tr>
									<tr>
										<td>Nov 6, 2025 06:16:21 pm</td>
										<td class='linked' test-id='49'>When user click on deals link</td>
										<td>
											<textarea disabled class="code-block">java.lang.NullPointerException: Cannot invoke "org.openqa.selenium.TakesScreenshot.getScreenshotAs(org.openqa.selenium.OutputType)" because "ts" is null
	at stepDefinitions.LoginPageSteps.screenshot(LoginPageSteps.java:43)
</textarea>
										</td>
									</tr>
									<tr>
										<td>Nov 6, 2025 06:16:21 pm</td>
										<td class='linked' test-id='50'>stepDefinitions.LoginPageSteps.screenshot(io.cucumber.java.Scenario)</td>
										<td>
											<textarea disabled class="code-block">java.lang.NullPointerException: Cannot invoke "org.openqa.selenium.TakesScreenshot.getScreenshotAs(org.openqa.selenium.OutputType)" because "ts" is null
	at stepDefinitions.LoginPageSteps.screenshot(LoginPageSteps.java:43)
</textarea>
										</td>
									</tr>
									<tr>
										<td>Nov 6, 2025 06:16:24 pm</td>
										<td class='linked' test-id='64'>When user click on profile icon</td>
										<td>
											<textarea disabled class="code-block">java.lang.NullPointerException: Cannot invoke "org.openqa.selenium.TakesScreenshot.getScreenshotAs(org.openqa.selenium.OutputType)" because "ts" is null
	at stepDefinitions.LoginPageSteps.screenshot(LoginPageSteps.java:43)
</textarea>
										</td>
									</tr>
									<tr>
										<td>Nov 6, 2025 06:16:24 pm</td>
										<td class='linked' test-id='65'>stepDefinitions.LoginPageSteps.screenshot(io.cucumber.java.Scenario)</td>
										<td>
											<textarea disabled class="code-block">java.lang.NullPointerException: Cannot invoke "org.openqa.selenium.TakesScreenshot.getScreenshotAs(org.openqa.selenium.OutputType)" because "ts" is null
	at stepDefinitions.LoginPageSteps.screenshot(LoginPageSteps.java:43)
</textarea>
										</td>
									</tr>
								</tbody>
							</table>
						</div>
					</div>
				</li>
			</ul>
		</div>
	</div>
	<div class='subview-right left'>
		<div class='view-summary'>
			<h5 class='exception-name'></h5>
		</div>
	</div>
</div>
<!-- exception view --><div id='dashboard-view' class='view hide'>
	<div class='card-panel transparent np-v'>
		<h5>Dashboard</h5>

		<div class='row'>
			<div class='col s2'>
				<div class='card-panel r'>
					Features
					<div class='panel-lead'>1</div>
				</div>
			</div>
			<div class='col s2'>
				<div class='card-panel r'>
					Scenarios
					<div class='panel-lead'>8</div>
				</div>
			</div>
			<div class='col s2'>
				<div class='card-panel r'>
					Steps
					<div class='panel-lead'>37</div>
				</div>
			</div>
			<div class='col s2'>
				<div class='card-panel r'>
					Start
					<div class='panel-lead'>Nov 6, 2025 06:15:47 pm</div>
				</div>
			</div>
			<div class='col s2'>
				<div class='card-panel r'>
			 		End
			 		<div class='panel-lead'>Nov 6, 2025 06:16:27 pm</div>
				</div>
			</div>
			<div class='col s2'>
				<div class='card-panel r'>
					Time Taken
					<div class='panel-lead'>00 00 39.442</div>
				</div>
			</div>
		</div>
	</div>
</div>
<!-- dashboard view -->
		</div>
		<!-- container -->
		<script>
			var statusGroup = {
                parentCount: 1,
				passParent: 0,
				failParent: 1,
				fatalParent: 0,
				errorParent: 0,
				warningParent: 0,
				skipParent: 0,
				childCount: 8,
				passChild: 0,
				failChild: 8,
				fatalChild: 0,
				errorChild: 0,
				warningChild: 0,
				skipChild: 0,
				infoChild: 0,
				grandChildCount: 37,
				passGrandChild: 0,
				failGrandChild: 16,
				fatalGrandChild: 0,
				errorGrandChild: 0,
				warningGrandChild: 0,
				skipGrandChild: 21,
				infoGrandChild: 0,
			};
			</script>
		
		<script>
			var timeline = {
			        "Test Cogmento CRM UI Automation Test Cases":38.726
			};
		</script>
		
		  <script src='http://cdn.jsdelivr.net/gh/extent-framework/extent-github-cdn@ff53917fbbdb5ef820abbbe4d199a6942dc771ff/v3html/js/extent.js' type='text/javascript'></script>
		
		
		<script type='text/javascript'>
				
		</script> 

	</body>
</html>